0 info it worked if it ends with ok
1 verbose cli [ 'C:\\Program Files\\nodejs\\node.exe',
1 verbose cli   'C:\\Program Files\\nodejs\\node_modules\\npm\\bin\\npm-cli.js',
1 verbose cli   'install',
1 verbose cli   'jquery' ]
2 info using npm@3.10.8
3 info using node@v6.9.1
4 silly loadCurrentTree Starting
5 silly install loadCurrentTree
6 silly install readLocalPackageData
7 silly fetchPackageMetaData jquery@^3.1.0
8 silly fetchNamedPackageData jquery
9 silly mapToRegistry name jquery
10 silly mapToRegistry using default registry
11 silly mapToRegistry registry https://registry.npmjs.org/
12 silly mapToRegistry data Result {
12 silly mapToRegistry   raw: 'jquery',
12 silly mapToRegistry   scope: null,
12 silly mapToRegistry   escapedName: 'jquery',
12 silly mapToRegistry   name: 'jquery',
12 silly mapToRegistry   rawSpec: '',
12 silly mapToRegistry   spec: 'latest',
12 silly mapToRegistry   type: 'tag' }
13 silly mapToRegistry uri https://registry.npmjs.org/jquery
14 verbose request uri https://registry.npmjs.org/jquery
15 verbose request no auth needed
16 info attempt registry request try #1 at 11:53:53
17 verbose request id baf0cd4e929ddc1f
18 verbose etag W/"588a9801-148b8"
19 verbose lastModified Fri, 27 Jan 2017 00:44:49 GMT
20 http request GET https://registry.npmjs.org/jquery
21 http 304 https://registry.npmjs.org/jquery
22 verbose headers { date: 'Sun, 29 Jan 2017 09:53:53 GMT',
22 verbose headers   via: '1.1 varnish',
22 verbose headers   'cache-control': 'max-age=300',
22 verbose headers   etag: 'W/"588a9801-148b8"',
22 verbose headers   age: '2',
22 verbose headers   connection: 'keep-alive',
22 verbose headers   'x-served-by': 'cache-fra1235-FRA',
22 verbose headers   'x-cache': 'HIT',
22 verbose headers   'x-cache-hits': '1',
22 verbose headers   'x-timer': 'S1485683633.946682,VS0,VE0',
22 verbose headers   vary: 'Accept-Encoding' }
23 silly get cb [ 304,
23 silly get   { date: 'Sun, 29 Jan 2017 09:53:53 GMT',
23 silly get     via: '1.1 varnish',
23 silly get     'cache-control': 'max-age=300',
23 silly get     etag: 'W/"588a9801-148b8"',
23 silly get     age: '2',
23 silly get     connection: 'keep-alive',
23 silly get     'x-served-by': 'cache-fra1235-FRA',
23 silly get     'x-cache': 'HIT',
23 silly get     'x-cache-hits': '1',
23 silly get     'x-timer': 'S1485683633.946682,VS0,VE0',
23 silly get     vary: 'Accept-Encoding' } ]
24 verbose etag https://registry.npmjs.org/jquery from cache
25 verbose get saving jquery to C:\Users\Teodor\AppData\Roaming\npm-cache\registry.npmjs.org\jquery\.cache.json
26 verbose correctMkdir C:\Users\Teodor\AppData\Roaming\npm-cache correctMkdir not in flight; initializing
27 silly install normalizeTree
28 silly loadCurrentTree Finishing
29 silly loadIdealTree Starting
30 silly install loadIdealTree
31 silly cloneCurrentTree Starting
32 silly install cloneCurrentTreeToIdealTree
33 silly cloneCurrentTree Finishing
34 silly loadShrinkwrap Starting
35 silly install loadShrinkwrap
36 silly loadShrinkwrap Finishing
37 silly loadAllDepsIntoIdealTree Starting
38 silly install loadAllDepsIntoIdealTree
39 silly resolveWithNewModule jquery@3.1.1 checking installable status
40 silly cache add args [ 'jquery@^3.1.0', null ]
41 verbose cache add spec jquery@^3.1.0
42 silly cache add parsed spec Result {
42 silly cache add   raw: 'jquery@^3.1.0',
42 silly cache add   scope: null,
42 silly cache add   escapedName: 'jquery',
42 silly cache add   name: 'jquery',
42 silly cache add   rawSpec: '^3.1.0',
42 silly cache add   spec: '>=3.1.0 <4.0.0',
42 silly cache add   type: 'range' }
43 silly addNamed jquery@>=3.1.0 <4.0.0
44 verbose addNamed ">=3.1.0 <4.0.0" is a valid semver range for jquery
45 silly addNameRange { name: 'jquery', range: '>=3.1.0 <4.0.0', hasData: false }
46 silly mapToRegistry name jquery
47 silly mapToRegistry using default registry
48 silly mapToRegistry registry https://registry.npmjs.org/
49 silly mapToRegistry data Result {
49 silly mapToRegistry   raw: 'jquery',
49 silly mapToRegistry   scope: null,
49 silly mapToRegistry   escapedName: 'jquery',
49 silly mapToRegistry   name: 'jquery',
49 silly mapToRegistry   rawSpec: '',
49 silly mapToRegistry   spec: 'latest',
49 silly mapToRegistry   type: 'tag' }
50 silly mapToRegistry uri https://registry.npmjs.org/jquery
51 verbose addNameRange registry:https://registry.npmjs.org/jquery not in flight; fetching
52 verbose get https://registry.npmjs.org/jquery not expired, no request
53 silly addNameRange number 2 { name: 'jquery', range: '>=3.1.0 <4.0.0', hasData: true }
54 silly addNameRange versions [ 'jquery',
54 silly addNameRange   [ '1.5.1',
54 silly addNameRange     '1.6.2',
54 silly addNameRange     '1.6.3',
54 silly addNameRange     '1.7.2',
54 silly addNameRange     '1.7.3',
54 silly addNameRange     '1.8.2',
54 silly addNameRange     '1.8.3',
54 silly addNameRange     '2.1.0-beta2',
54 silly addNameRange     '2.1.0-beta3',
54 silly addNameRange     '1.11.0-beta3',
54 silly addNameRange     '1.11.0-rc1',
54 silly addNameRange     '2.1.0-rc1',
54 silly addNameRange     '1.11.0',
54 silly addNameRange     '2.1.0',
54 silly addNameRange     '2.1.1-beta1',
54 silly addNameRange     '1.11.1-beta1',
54 silly addNameRange     '2.1.1-rc1',
54 silly addNameRange     '1.11.1-rc1',
54 silly addNameRange     '2.1.1-rc2',
54 silly addNameRange     '1.11.1-rc2',
54 silly addNameRange     '2.1.1',
54 silly addNameRange     '1.11.1',
54 silly addNameRange     '1.9.1',
54 silly addNameRange     '2.1.2',
54 silly addNameRange     '1.11.2',
54 silly addNameRange     '2.1.3',
54 silly addNameRange     '2.1.4',
54 silly addNameRange     '1.11.3',
54 silly addNameRange     '3.0.0-alpha1',
54 silly addNameRange     '1.12.0',
54 silly addNameRange     '2.2.0',
54 silly addNameRange     '3.0.0-beta1',
54 silly addNameRange     '1.12.1',
54 silly addNameRange     '2.2.1',
54 silly addNameRange     '1.12.2',
54 silly addNameRange     '2.2.2',
54 silly addNameRange     '1.12.3',
54 silly addNameRange     '2.2.3',
54 silly addNameRange     '1.12.4',
54 silly addNameRange     '2.2.4',
54 silly addNameRange     '3.0.0-rc1',
54 silly addNameRange     '3.0.0',
54 silly addNameRange     '3.1.0',
54 silly addNameRange     '3.1.1' ] ]
55 silly addNamed jquery@3.1.1
56 verbose addNamed "3.1.1" is a plain semver version for jquery
57 silly cache afterAdd jquery@3.1.1
58 verbose afterAdd C:\Users\Teodor\AppData\Roaming\npm-cache\jquery\3.1.1\package\package.json not in flight; writing
59 verbose correctMkdir C:\Users\Teodor\AppData\Roaming\npm-cache correctMkdir not in flight; initializing
60 verbose afterAdd C:\Users\Teodor\AppData\Roaming\npm-cache\jquery\3.1.1\package\package.json written
61 silly fetchNamedPackageData fsevents
62 silly mapToRegistry name fsevents
63 silly mapToRegistry using default registry
64 silly mapToRegistry registry https://registry.npmjs.org/
65 silly mapToRegistry data Result {
65 silly mapToRegistry   raw: 'fsevents',
65 silly mapToRegistry   scope: null,
65 silly mapToRegistry   escapedName: 'fsevents',
65 silly mapToRegistry   name: 'fsevents',
65 silly mapToRegistry   rawSpec: '',
65 silly mapToRegistry   spec: 'latest',
65 silly mapToRegistry   type: 'tag' }
66 silly mapToRegistry uri https://registry.npmjs.org/fsevents
67 verbose request uri https://registry.npmjs.org/fsevents
68 verbose request no auth needed
69 info attempt registry request try #1 at 11:53:55
70 verbose etag W/"5886285d-c238"
71 verbose lastModified Mon, 23 Jan 2017 15:59:25 GMT
72 http request GET https://registry.npmjs.org/fsevents
73 http 304 https://registry.npmjs.org/fsevents
74 verbose headers { date: 'Sun, 29 Jan 2017 09:53:55 GMT',
74 verbose headers   via: '1.1 varnish',
74 verbose headers   'cache-control': 'max-age=300',
74 verbose headers   etag: 'W/"5886285d-c238"',
74 verbose headers   age: '241',
74 verbose headers   connection: 'keep-alive',
74 verbose headers   'x-served-by': 'cache-fra1235-FRA',
74 verbose headers   'x-cache': 'HIT',
74 verbose headers   'x-cache-hits': '7',
74 verbose headers   'x-timer': 'S1485683635.419777,VS0,VE0',
74 verbose headers   vary: 'Accept-Encoding' }
75 silly get cb [ 304,
75 silly get   { date: 'Sun, 29 Jan 2017 09:53:55 GMT',
75 silly get     via: '1.1 varnish',
75 silly get     'cache-control': 'max-age=300',
75 silly get     etag: 'W/"5886285d-c238"',
75 silly get     age: '241',
75 silly get     connection: 'keep-alive',
75 silly get     'x-served-by': 'cache-fra1235-FRA',
75 silly get     'x-cache': 'HIT',
75 silly get     'x-cache-hits': '7',
75 silly get     'x-timer': 'S1485683635.419777,VS0,VE0',
75 silly get     vary: 'Accept-Encoding' } ]
76 verbose etag https://registry.npmjs.org/fsevents from cache
77 verbose get saving fsevents to C:\Users\Teodor\AppData\Roaming\npm-cache\registry.npmjs.org\fsevents\.cache.json
78 verbose correctMkdir C:\Users\Teodor\AppData\Roaming\npm-cache correctMkdir not in flight; initializing
79 silly resolveWithNewModule fsevents@1.0.17 checking installable status
80 silly loadAllDepsIntoIdealTree Finishing
81 silly loadIdealTree Finishing
82 silly currentTree music-hackathon
82 silly currentTree +-- abbrev@1.0.9
82 silly currentTree +-- accepts@1.3.3
82 silly currentTree +-- acorn-dynamic-import@2.0.1
82 silly currentTree +-- acorn@4.0.4
82 silly currentTree +-- ajv-keywords@1.5.1
82 silly currentTree +-- ajv@4.11.2
82 silly currentTree +-- align-text@0.1.4
82 silly currentTree +-- alphanum-sort@1.0.2
82 silly currentTree +-- amdefine@1.0.1
82 silly currentTree +-- ansi-regex@2.1.1
82 silly currentTree +-- ansi-styles@2.2.1
82 silly currentTree +-- ansicolors@0.2.1
82 silly currentTree +-- anymatch@1.3.0
82 silly currentTree +-- aproba@1.0.4
82 silly currentTree +-- are-we-there-yet@1.1.2
82 silly currentTree +-- argparse@1.0.9
82 silly currentTree +-- arr-diff@2.0.0
82 silly currentTree +-- arr-flatten@1.0.1
82 silly currentTree +-- array-find-index@1.0.2
82 silly currentTree +-- array-flatten@1.1.1
82 silly currentTree +-- array-unique@0.2.1
82 silly currentTree +-- arrify@1.0.1
82 silly currentTree +-- asap@2.0.5
82 silly currentTree +-- asn1.js@4.9.1
82 silly currentTree +-- asn1@0.2.3
82 silly currentTree +-- assert-plus@0.2.0
82 silly currentTree +-- assert@1.4.1
82 silly currentTree +-- async-each@1.0.1
82 silly currentTree +-- async-foreach@0.1.3
82 silly currentTree +-- async@2.1.4
82 silly currentTree +-- asynckit@0.4.0
82 silly currentTree +-- atob@1.1.3
82 silly currentTree +-- autoprefixer@6.7.0
82 silly currentTree +-- aws-sign2@0.6.0
82 silly currentTree +-- aws4@1.5.0
82 silly currentTree +-- axios@0.15.3
82 silly currentTree +-- babel-code-frame@6.22.0
82 silly currentTree +-- babel-core@6.22.1
82 silly currentTree +-- babel-generator@6.22.0
82 silly currentTree +-- babel-helper-call-delegate@6.22.0
82 silly currentTree +-- babel-helper-define-map@6.22.0
82 silly currentTree +-- babel-helper-function-name@6.22.0
82 silly currentTree +-- babel-helper-get-function-arity@6.22.0
82 silly currentTree +-- babel-helper-hoist-variables@6.22.0
82 silly currentTree +-- babel-helper-optimise-call-expression@6.22.0
82 silly currentTree +-- babel-helper-regex@6.22.0
82 silly currentTree +-- babel-helper-replace-supers@6.22.0
82 silly currentTree +-- babel-helpers@6.22.0
82 silly currentTree +-- babel-loader@6.2.10
82 silly currentTree +-- babel-messages@6.22.0
82 silly currentTree +-- babel-plugin-check-es2015-constants@6.22.0
82 silly currentTree +-- babel-plugin-transform-es2015-arrow-functions@6.22.0
82 silly currentTree +-- babel-plugin-transform-es2015-block-scoped-functions@6.22.0
82 silly currentTree +-- babel-plugin-transform-es2015-block-scoping@6.22.0
82 silly currentTree +-- babel-plugin-transform-es2015-classes@6.22.0
82 silly currentTree +-- babel-plugin-transform-es2015-computed-properties@6.22.0
82 silly currentTree +-- babel-plugin-transform-es2015-destructuring@6.22.0
82 silly currentTree +-- babel-plugin-transform-es2015-duplicate-keys@6.22.0
82 silly currentTree +-- babel-plugin-transform-es2015-for-of@6.22.0
82 silly currentTree +-- babel-plugin-transform-es2015-function-name@6.22.0
82 silly currentTree +-- babel-plugin-transform-es2015-literals@6.22.0
82 silly currentTree +-- babel-plugin-transform-es2015-modules-amd@6.22.0
82 silly currentTree +-- babel-plugin-transform-es2015-modules-commonjs@6.22.0
82 silly currentTree +-- babel-plugin-transform-es2015-modules-systemjs@6.22.0
82 silly currentTree +-- babel-plugin-transform-es2015-modules-umd@6.22.0
82 silly currentTree +-- babel-plugin-transform-es2015-object-super@6.22.0
82 silly currentTree +-- babel-plugin-transform-es2015-parameters@6.22.0
82 silly currentTree +-- babel-plugin-transform-es2015-shorthand-properties@6.22.0
82 silly currentTree +-- babel-plugin-transform-es2015-spread@6.22.0
82 silly currentTree +-- babel-plugin-transform-es2015-sticky-regex@6.22.0
82 silly currentTree +-- babel-plugin-transform-es2015-template-literals@6.22.0
82 silly currentTree +-- babel-plugin-transform-es2015-typeof-symbol@6.22.0
82 silly currentTree +-- babel-plugin-transform-es2015-unicode-regex@6.22.0
82 silly currentTree +-- babel-plugin-transform-regenerator@6.22.0
82 silly currentTree +-- babel-plugin-transform-strict-mode@6.22.0
82 silly currentTree +-- babel-preset-es2015@6.22.0
82 silly currentTree +-- babel-register@6.22.0
82 silly currentTree +-- babel-runtime@6.22.0
82 silly currentTree +-- babel-template@6.22.0
82 silly currentTree +-- babel-traverse@6.22.1
82 silly currentTree +-- babel-types@6.22.0
82 silly currentTree +-- babylon@6.15.0
82 silly currentTree +-- balanced-match@0.4.2
82 silly currentTree +-- base64-js@1.2.0
82 silly currentTree +-- batch@0.5.3
82 silly currentTree +-- bcrypt-pbkdf@1.0.0
82 silly currentTree +-- big.js@3.1.3
82 silly currentTree +-- binary-extensions@1.8.0
82 silly currentTree +-- block-stream@0.0.9
82 silly currentTree +-- bluebird@2.11.0
82 silly currentTree +-- bn.js@4.11.6
82 silly currentTree +-- boom@2.10.1
82 silly currentTree +-- bootstrap-sass@3.3.7
82 silly currentTree +-- brace-expansion@1.1.6
82 silly currentTree +-- braces@1.8.5
82 silly currentTree +-- brorand@1.0.6
82 silly currentTree +-- browserify-aes@1.0.6
82 silly currentTree +-- browserify-cipher@1.0.0
82 silly currentTree +-- browserify-des@1.0.0
82 silly currentTree +-- browserify-rsa@4.0.1
82 silly currentTree +-- browserify-sign@4.0.0
82 silly currentTree +-- browserify-zlib@0.1.4
82 silly currentTree +-- browserslist@1.6.0
82 silly currentTree +-- buffer-shims@1.0.0
82 silly currentTree +-- buffer-xor@1.0.3
82 silly currentTree +-- buffer@4.9.1
82 silly currentTree +-- builtin-modules@1.1.1
82 silly currentTree +-- builtin-status-codes@3.0.0
82 silly currentTree +-- bytes@2.3.0
82 silly currentTree +-- camelcase-keys@2.1.0
82 silly currentTree +-- camelcase@2.1.1
82 silly currentTree +-- caniuse-api@1.5.2
82 silly currentTree +-- caniuse-db@1.0.30000617
82 silly currentTree +-- cardinal@1.0.0
82 silly currentTree +-- caseless@0.11.0
82 silly currentTree +-- center-align@0.1.3
82 silly currentTree +-- chalk@1.1.3
82 silly currentTree +-- charenc@0.0.2
82 silly currentTree +-- chokidar@1.6.1
82 silly currentTree | +-- is-extglob@1.0.0
82 silly currentTree | `-- is-glob@2.0.1
82 silly currentTree +-- cipher-base@1.0.3
82 silly currentTree +-- clap@1.1.2
82 silly currentTree +-- clean-css@3.4.24
82 silly currentTree | `-- source-map@0.4.4
82 silly currentTree +-- cli-table@0.3.1
82 silly currentTree | `-- colors@1.0.3
82 silly currentTree +-- cli-usage@0.1.4
82 silly currentTree +-- cliui@3.2.0
82 silly currentTree +-- clone@1.0.2
82 silly currentTree +-- co@4.6.0
82 silly currentTree +-- coa@1.0.1
82 silly currentTree +-- code-point-at@1.1.0
82 silly currentTree +-- color-convert@1.9.0
82 silly currentTree +-- color-name@1.1.1
82 silly currentTree +-- color-string@0.3.0
82 silly currentTree +-- color@0.11.4
82 silly currentTree +-- colormin@1.1.2
82 silly currentTree +-- colors@1.1.2
82 silly currentTree +-- combined-stream@1.0.5
82 silly currentTree +-- commander@2.8.1
82 silly currentTree +-- commondir@1.0.1
82 silly currentTree +-- compressible@2.0.9
82 silly currentTree +-- compression@1.6.2
82 silly currentTree | +-- debug@2.2.0
82 silly currentTree | `-- ms@0.7.1
82 silly currentTree +-- concat-map@0.0.1
82 silly currentTree +-- concatenate@0.0.2
82 silly currentTree +-- config-chain@1.1.11
82 silly currentTree +-- connect-history-api-fallback@1.3.0
82 silly currentTree +-- console-browserify@1.1.0
82 silly currentTree +-- console-control-strings@1.1.0
82 silly currentTree +-- consolidate@0.14.5
82 silly currentTree | `-- bluebird@3.4.7
82 silly currentTree +-- constants-browserify@1.0.0
82 silly currentTree +-- content-disposition@0.5.2
82 silly currentTree +-- content-type@1.0.2
82 silly currentTree +-- convert-source-map@1.3.0
82 silly currentTree +-- cookie-signature@1.0.6
82 silly currentTree +-- cookie@0.3.1
82 silly currentTree +-- copy-webpack-plugin@4.0.1
82 silly currentTree | `-- glob@6.0.4
82 silly currentTree +-- core-js@2.4.1
82 silly currentTree +-- core-util-is@1.0.2
82 silly currentTree +-- cosmiconfig@2.1.1
82 silly currentTree | `-- minimist@1.2.0
82 silly currentTree +-- create-ecdh@4.0.0
82 silly currentTree +-- create-hash@1.1.2
82 silly currentTree +-- create-hmac@1.1.4
82 silly currentTree +-- cross-env@3.1.4
82 silly currentTree +-- cross-spawn@3.0.1
82 silly currentTree +-- crypt@0.0.2
82 silly currentTree +-- cryptiles@2.0.5
82 silly currentTree +-- crypto-browserify@3.11.0
82 silly currentTree +-- css-color-names@0.0.4
82 silly currentTree +-- css-loader@0.26.1
82 silly currentTree +-- css-selector-tokenizer@0.7.0
82 silly currentTree | `-- regexpu-core@1.0.0
82 silly currentTree +-- css@2.2.1
82 silly currentTree | `-- source-map@0.1.43
82 silly currentTree +-- cssesc@0.1.0
82 silly currentTree +-- cssnano@3.10.0
82 silly currentTree +-- csso@2.2.1
82 silly currentTree +-- currently-unhandled@0.4.1
82 silly currentTree +-- dashdash@1.14.1
82 silly currentTree | `-- assert-plus@1.0.0
82 silly currentTree +-- date-now@0.1.4
82 silly currentTree +-- de-indent@1.0.2
82 silly currentTree +-- debug@2.6.0
82 silly currentTree +-- decamelize@1.2.0
82 silly currentTree +-- defined@1.0.0
82 silly currentTree +-- delayed-stream@1.0.0
82 silly currentTree +-- delegates@1.0.0
82 silly currentTree +-- depd@1.1.0
82 silly currentTree +-- des.js@1.0.0
82 silly currentTree +-- destroy@1.0.4
82 silly currentTree +-- detect-indent@4.0.0
82 silly currentTree +-- diffie-hellman@5.0.2
82 silly currentTree +-- domain-browser@1.1.7
82 silly currentTree +-- ecc-jsbn@0.1.1
82 silly currentTree +-- editorconfig@0.13.2
82 silly currentTree | +-- bluebird@3.4.7
82 silly currentTree | +-- commander@2.9.0
82 silly currentTree | `-- lru-cache@3.2.0
82 silly currentTree +-- ee-first@1.1.1
82 silly currentTree +-- electron-to-chromium@1.2.1
82 silly currentTree +-- elliptic@6.3.2
82 silly currentTree +-- emojis-list@2.1.0
82 silly currentTree +-- encodeurl@1.0.1
82 silly currentTree +-- enhanced-resolve@3.0.3
82 silly currentTree +-- errno@0.1.4
82 silly currentTree +-- error-ex@1.3.0
82 silly currentTree +-- error-stack-parser@1.3.6
82 silly currentTree +-- escape-html@1.0.3
82 silly currentTree +-- escape-string-regexp@1.0.5
82 silly currentTree +-- esprima@2.7.3
82 silly currentTree +-- esutils@2.0.2
82 silly currentTree +-- etag@1.7.0
82 silly currentTree +-- eventemitter3@1.2.0
82 silly currentTree +-- events@1.1.1
82 silly currentTree +-- eventsource@0.1.6
82 silly currentTree +-- evp_bytestokey@1.0.0
82 silly currentTree +-- expand-brackets@0.1.5
82 silly currentTree +-- expand-range@1.8.2
82 silly currentTree +-- express@4.14.1
82 silly currentTree | +-- debug@2.2.0
82 silly currentTree | +-- ms@0.7.1
82 silly currentTree | `-- qs@6.2.0
82 silly currentTree +-- extend@3.0.0
82 silly currentTree +-- extglob@0.3.2
82 silly currentTree | `-- is-extglob@1.0.0
82 silly currentTree +-- extract-text-webpack-plugin@2.0.0-rc.2
82 silly currentTree +-- extsprintf@1.0.2
82 silly currentTree +-- fastparse@1.1.1
82 silly currentTree +-- faye-websocket@0.10.0
82 silly currentTree +-- file-loader@0.9.0
82 silly currentTree +-- filename-regex@2.0.0
82 silly currentTree +-- fill-range@2.2.3
82 silly currentTree +-- finalhandler@0.5.1
82 silly currentTree | +-- debug@2.2.0
82 silly currentTree | `-- ms@0.7.1
82 silly currentTree +-- find-cache-dir@0.1.1
82 silly currentTree +-- find-up@1.1.2
82 silly currentTree +-- flatten@1.0.2
82 silly currentTree +-- follow-redirects@1.0.0
82 silly currentTree +-- for-in@0.1.6
82 silly currentTree +-- for-own@0.1.4
82 silly currentTree +-- forever-agent@0.6.1
82 silly currentTree +-- form-data@2.1.2
82 silly currentTree +-- forwarded@0.1.0
82 silly currentTree +-- fresh@0.3.0
82 silly currentTree +-- friendly-errors-webpack-plugin@1.1.3
82 silly currentTree +-- fs-extra@0.26.7
82 silly currentTree +-- fs.realpath@1.0.0
82 silly currentTree +-- fs@0.0.1-security
82 silly currentTree +-- fstream@1.0.10
82 silly currentTree +-- function-bind@1.1.0
82 silly currentTree +-- gauge@2.7.2
82 silly currentTree | `-- supports-color@0.2.0
82 silly currentTree +-- gaze@1.1.2
82 silly currentTree +-- generate-function@2.0.0
82 silly currentTree +-- generate-object-property@1.2.0
82 silly currentTree +-- get-caller-file@1.0.2
82 silly currentTree +-- get-stdin@4.0.1
82 silly currentTree +-- getpass@0.1.6
82 silly currentTree | `-- assert-plus@1.0.0
82 silly currentTree +-- glob-base@0.3.0
82 silly currentTree | +-- is-extglob@1.0.0
82 silly currentTree | `-- is-glob@2.0.1
82 silly currentTree +-- glob-parent@2.0.0
82 silly currentTree | +-- is-extglob@1.0.0
82 silly currentTree | `-- is-glob@2.0.1
82 silly currentTree +-- glob@4.5.3
82 silly currentTree | `-- minimatch@2.0.10
82 silly currentTree +-- globals@9.14.0
82 silly currentTree +-- globs@0.1.2
82 silly currentTree +-- globule@1.1.0
82 silly currentTree | +-- glob@7.1.1
82 silly currentTree | `-- lodash@4.16.6
82 silly currentTree +-- graceful-fs@4.1.11
82 silly currentTree +-- graceful-readlink@1.0.1
82 silly currentTree +-- growly@1.3.0
82 silly currentTree +-- handle-thing@1.2.5
82 silly currentTree +-- har-validator@2.0.6
82 silly currentTree | `-- commander@2.9.0
82 silly currentTree +-- has-ansi@2.0.0
82 silly currentTree +-- has-flag@1.0.0
82 silly currentTree +-- has-unicode@2.0.1
82 silly currentTree +-- has@1.0.1
82 silly currentTree +-- hash-sum@1.0.2
82 silly currentTree +-- hash.js@1.0.3
82 silly currentTree +-- hawk@3.1.3
82 silly currentTree +-- he@1.1.1
82 silly currentTree +-- hoek@2.16.3
82 silly currentTree +-- home-or-tmp@2.0.0
82 silly currentTree +-- hosted-git-info@2.1.5
82 silly currentTree +-- hpack.js@2.1.6
82 silly currentTree +-- html-comment-regex@1.1.1
82 silly currentTree +-- http-deceiver@1.2.7
82 silly currentTree +-- http-errors@1.5.1
82 silly currentTree +-- http-proxy-middleware@0.17.3
82 silly currentTree +-- http-proxy@1.16.2
82 silly currentTree +-- http-signature@1.1.1
82 silly currentTree +-- https-browserify@0.0.1
82 silly currentTree +-- icss-replace-symbols@1.0.2
82 silly currentTree +-- ieee754@1.1.8
82 silly currentTree +-- image-size@0.5.1
82 silly currentTree +-- in-publish@2.0.0
82 silly currentTree +-- indent-string@2.1.0
82 silly currentTree +-- indexes-of@1.0.1
82 silly currentTree +-- indexof@0.0.1
82 silly currentTree +-- inflight@1.0.6
82 silly currentTree +-- inherits@2.0.3
82 silly currentTree +-- ini@1.3.4
82 silly currentTree +-- interpret@1.0.1
82 silly currentTree +-- invariant@2.2.2
82 silly currentTree +-- invert-kv@1.0.0
82 silly currentTree +-- ipaddr.js@1.2.0
82 silly currentTree +-- is-absolute-url@2.1.0
82 silly currentTree +-- is-arrayish@0.2.1
82 silly currentTree +-- is-binary-path@1.0.1
82 silly currentTree +-- is-buffer@1.1.4
82 silly currentTree +-- is-builtin-module@1.0.0
82 silly currentTree +-- is-dotfile@1.0.2
82 silly currentTree +-- is-equal-shallow@0.1.3
82 silly currentTree +-- is-extendable@0.1.1
82 silly currentTree +-- is-extglob@2.1.1
82 silly currentTree +-- is-finite@1.0.2
82 silly currentTree +-- is-fullwidth-code-point@1.0.0
82 silly currentTree +-- is-glob@3.1.0
82 silly currentTree +-- is-my-json-valid@2.15.0
82 silly currentTree +-- is-number@2.1.0
82 silly currentTree +-- is-plain-obj@1.1.0
82 silly currentTree +-- is-posix-bracket@0.1.1
82 silly currentTree +-- is-primitive@2.0.0
82 silly currentTree +-- is-property@1.0.2
82 silly currentTree +-- is-svg@2.1.0
82 silly currentTree +-- is-typedarray@1.0.0
82 silly currentTree +-- is-utf8@0.2.1
82 silly currentTree +-- isarray@1.0.0
82 silly currentTree +-- isexe@1.1.2
82 silly currentTree +-- isobject@2.1.0
82 silly currentTree +-- isstream@0.1.2
82 silly currentTree +-- jodid25519@1.0.2
82 silly currentTree +-- jquery@3.1.1
82 silly currentTree +-- js-base64@2.1.9
82 silly currentTree +-- js-beautify@1.6.8
82 silly currentTree +-- js-tokens@3.0.0
82 silly currentTree +-- js-yaml@3.6.1
82 silly currentTree +-- jsbn@0.1.0
82 silly currentTree +-- jsesc@1.3.0
82 silly currentTree +-- json-loader@0.5.4
82 silly currentTree +-- json-schema@0.2.3
82 silly currentTree +-- json-stable-stringify@1.0.1
82 silly currentTree +-- json-stringify-safe@5.0.1
82 silly currentTree +-- json3@3.3.2
82 silly currentTree +-- json5@0.5.1
82 silly currentTree +-- jsonfile@2.4.0
82 silly currentTree +-- jsonify@0.0.0
82 silly currentTree +-- jsonpointer@4.0.1
82 silly currentTree +-- jsprim@1.3.1
82 silly currentTree +-- kind-of@3.1.0
82 silly currentTree +-- klaw@1.3.1
82 silly currentTree +-- laravel-mix@0.5.16
82 silly currentTree +-- lazy-cache@1.0.4
82 silly currentTree +-- lcid@1.0.0
82 silly currentTree +-- less-loader@2.2.3
82 silly currentTree +-- less@2.7.2
82 silly currentTree +-- load-json-file@1.1.0
82 silly currentTree +-- loader-runner@2.3.0
82 silly currentTree +-- loader-utils@0.2.16
82 silly currentTree +-- lodash._arraycopy@3.0.0
82 silly currentTree +-- lodash._arrayeach@3.0.0
82 silly currentTree +-- lodash._baseassign@3.2.0
82 silly currentTree +-- lodash._baseclone@3.3.0
82 silly currentTree +-- lodash._basecopy@3.0.1
82 silly currentTree +-- lodash._basefor@3.0.3
82 silly currentTree +-- lodash._bindcallback@3.0.1
82 silly currentTree +-- lodash._createassigner@3.1.1
82 silly currentTree +-- lodash._getnative@3.9.1
82 silly currentTree +-- lodash._isiterateecall@3.0.9
82 silly currentTree +-- lodash.assign@4.2.0
82 silly currentTree +-- lodash.camelcase@4.3.0
82 silly currentTree +-- lodash.clonedeep@4.5.0
82 silly currentTree +-- lodash.defaults@3.1.2
82 silly currentTree | `-- lodash.assign@3.2.0
82 silly currentTree +-- lodash.indexof@4.0.5
82 silly currentTree +-- lodash.isarguments@3.1.0
82 silly currentTree +-- lodash.isarray@3.0.4
82 silly currentTree +-- lodash.keys@3.1.2
82 silly currentTree +-- lodash.memoize@4.1.2
82 silly currentTree +-- lodash.mergewith@4.6.0
82 silly currentTree +-- lodash.restparam@3.6.1
82 silly currentTree +-- lodash.uniq@4.5.0
82 silly currentTree +-- lodash@4.17.4
82 silly currentTree +-- longest@1.0.1
82 silly currentTree +-- loose-envify@1.3.1
82 silly currentTree +-- loud-rejection@1.6.0
82 silly currentTree +-- lru-cache@4.0.2
82 silly currentTree +-- macaddress@0.2.8
82 silly currentTree +-- map-obj@1.0.1
82 silly currentTree +-- marked-terminal@1.7.0
82 silly currentTree +-- marked@0.3.6
82 silly currentTree +-- math-expression-evaluator@1.2.15
82 silly currentTree +-- md5@2.2.1
82 silly currentTree +-- media-typer@0.3.0
82 silly currentTree +-- memory-fs@0.4.1
82 silly currentTree +-- meow@3.7.0
82 silly currentTree | `-- minimist@1.2.0
82 silly currentTree +-- merge-descriptors@1.0.1
82 silly currentTree +-- methods@1.1.2
82 silly currentTree +-- micromatch@2.3.11
82 silly currentTree | +-- is-extglob@1.0.0
82 silly currentTree | `-- is-glob@2.0.1
82 silly currentTree +-- miller-rabin@4.0.0
82 silly currentTree +-- mime-db@1.26.0
82 silly currentTree +-- mime-types@2.1.14
82 silly currentTree +-- mime@1.3.4
82 silly currentTree +-- minimalistic-assert@1.0.0
82 silly currentTree +-- minimatch@3.0.3
82 silly currentTree +-- minimist@0.0.8
82 silly currentTree +-- mkdirp@0.5.1
82 silly currentTree +-- ms@0.7.2
82 silly currentTree +-- nan@2.5.1
82 silly currentTree +-- negotiator@0.6.1
82 silly currentTree +-- node-dir@0.1.16
82 silly currentTree +-- node-emoji@1.5.1
82 silly currentTree +-- node-gyp@3.5.0
82 silly currentTree | `-- glob@7.1.1
82 silly currentTree +-- node-libs-browser@2.0.0
82 silly currentTree +-- node-notifier@4.6.1
82 silly currentTree | +-- lodash.clonedeep@3.0.2
82 silly currentTree | `-- minimist@1.2.0
82 silly currentTree +-- node-sass@4.4.0
82 silly currentTree | `-- glob@7.1.1
82 silly currentTree +-- nopt@3.0.6
82 silly currentTree +-- normalize-package-data@2.3.5
82 silly currentTree +-- normalize-path@2.0.1
82 silly currentTree +-- normalize-range@0.1.2
82 silly currentTree +-- normalize-url@1.9.0
82 silly currentTree +-- npmlog@4.0.2
82 silly currentTree +-- num2fraction@1.2.2
82 silly currentTree +-- number-is-nan@1.0.1
82 silly currentTree +-- oauth-sign@0.8.2
82 silly currentTree +-- object-assign@4.1.1
82 silly currentTree +-- object.omit@2.0.1
82 silly currentTree +-- obuf@1.1.1
82 silly currentTree +-- on-build-webpack@0.1.0
82 silly currentTree +-- on-finished@2.3.0
82 silly currentTree +-- on-headers@1.0.1
82 silly currentTree +-- once@1.4.0
82 silly currentTree +-- opn@4.0.2
82 silly currentTree +-- original@1.0.0
82 silly currentTree | `-- url-parse@1.0.5
82 silly currentTree +-- os-browserify@0.2.1
82 silly currentTree +-- os-homedir@1.0.2
82 silly currentTree +-- os-locale@1.4.0
82 silly currentTree +-- os-tmpdir@1.0.2
82 silly currentTree +-- osenv@0.1.4
82 silly currentTree +-- pako@0.2.9
82 silly currentTree +-- parse-asn1@5.0.0
82 silly currentTree +-- parse-glob@3.0.4
82 silly currentTree | +-- is-extglob@1.0.0
82 silly currentTree | `-- is-glob@2.0.1
82 silly currentTree +-- parse-json@2.2.0
82 silly currentTree +-- parseurl@1.3.1
82 silly currentTree +-- path-browserify@0.0.0
82 silly currentTree +-- path-exists@2.1.0
82 silly currentTree +-- path-is-absolute@1.0.1
82 silly currentTree +-- path-to-regexp@0.1.7
82 silly currentTree +-- path-type@1.1.0
82 silly currentTree +-- path@0.12.7
82 silly currentTree +-- pbkdf2@3.0.9
82 silly currentTree +-- pify@2.3.0
82 silly currentTree +-- pinkie-promise@2.0.1
82 silly currentTree +-- pinkie@2.0.4
82 silly currentTree +-- pkg-dir@1.0.0
82 silly currentTree +-- portfinder@1.0.12
82 silly currentTree | `-- async@1.5.2
82 silly currentTree +-- postcss-calc@5.3.1
82 silly currentTree +-- postcss-colormin@2.2.1
82 silly currentTree +-- postcss-convert-values@2.6.0
82 silly currentTree +-- postcss-discard-comments@2.0.4
82 silly currentTree +-- postcss-discard-duplicates@2.0.2
82 silly currentTree +-- postcss-discard-empty@2.1.0
82 silly currentTree +-- postcss-discard-overridden@0.1.1
82 silly currentTree +-- postcss-discard-unused@2.2.3
82 silly currentTree +-- postcss-filter-plugins@2.0.2
82 silly currentTree +-- postcss-load-config@1.1.0
82 silly currentTree +-- postcss-load-options@1.1.0
82 silly currentTree +-- postcss-load-plugins@2.2.0
82 silly currentTree +-- postcss-loader@1.2.2
82 silly currentTree +-- postcss-merge-idents@2.1.7
82 silly currentTree +-- postcss-merge-longhand@2.0.2
82 silly currentTree +-- postcss-merge-rules@2.1.1
82 silly currentTree +-- postcss-message-helpers@2.0.0
82 silly currentTree +-- postcss-minify-font-values@1.0.5
82 silly currentTree +-- postcss-minify-gradients@1.0.5
82 silly currentTree +-- postcss-minify-params@1.2.2
82 silly currentTree +-- postcss-minify-selectors@2.1.1
82 silly currentTree +-- postcss-modules-extract-imports@1.0.1
82 silly currentTree +-- postcss-modules-local-by-default@1.1.1
82 silly currentTree | +-- css-selector-tokenizer@0.6.0
82 silly currentTree | `-- regexpu-core@1.0.0
82 silly currentTree +-- postcss-modules-scope@1.0.2
82 silly currentTree | +-- css-selector-tokenizer@0.6.0
82 silly currentTree | `-- regexpu-core@1.0.0
82 silly currentTree +-- postcss-modules-values@1.2.2
82 silly currentTree +-- postcss-normalize-charset@1.1.1
82 silly currentTree +-- postcss-normalize-url@3.0.8
82 silly currentTree +-- postcss-ordered-values@2.2.3
82 silly currentTree +-- postcss-reduce-idents@2.4.0
82 silly currentTree +-- postcss-reduce-initial@1.0.1
82 silly currentTree +-- postcss-reduce-transforms@1.0.4
82 silly currentTree +-- postcss-selector-parser@2.2.2
82 silly currentTree +-- postcss-svgo@2.1.6
82 silly currentTree +-- postcss-unique-selectors@2.0.2
82 silly currentTree +-- postcss-value-parser@3.3.0
82 silly currentTree +-- postcss-zindex@2.2.0
82 silly currentTree +-- postcss@5.2.11
82 silly currentTree | `-- supports-color@3.2.3
82 silly currentTree +-- prepend-http@1.0.4
82 silly currentTree +-- preserve@0.2.0
82 silly currentTree +-- private@0.1.6
82 silly currentTree +-- process-nextick-args@1.0.7
82 silly currentTree +-- process@0.11.9
82 silly currentTree +-- promise@7.1.1
82 silly currentTree +-- proto-list@1.2.4
82 silly currentTree +-- proxy-addr@1.1.3
82 silly currentTree +-- prr@0.0.0
82 silly currentTree +-- pseudomap@1.0.2
82 silly currentTree +-- public-encrypt@4.0.0
82 silly currentTree +-- punycode@1.4.1
82 silly currentTree +-- q@1.4.1
82 silly currentTree +-- qs@6.3.0
82 silly currentTree +-- query-string@4.3.1
82 silly currentTree +-- querystring-es3@0.2.1
82 silly currentTree +-- querystring@0.2.0
82 silly currentTree +-- querystringify@0.0.4
82 silly currentTree +-- randomatic@1.1.6
82 silly currentTree +-- randombytes@2.0.3
82 silly currentTree +-- range-parser@1.2.0
82 silly currentTree +-- read-pkg-up@1.0.1
82 silly currentTree +-- read-pkg@1.1.0
82 silly currentTree +-- readable-stream@2.2.2
82 silly currentTree +-- readdirp@2.1.0
82 silly currentTree +-- rechoir@0.6.2
82 silly currentTree +-- redent@1.0.0
82 silly currentTree +-- redeyed@1.0.1
82 silly currentTree | `-- esprima@3.0.0
82 silly currentTree +-- reduce-css-calc@1.3.0
82 silly currentTree +-- reduce-function-call@1.0.2
82 silly currentTree +-- regenerate@1.3.2
82 silly currentTree +-- regenerator-runtime@0.10.1
82 silly currentTree +-- regenerator-transform@0.9.8
82 silly currentTree +-- regex-cache@0.4.3
82 silly currentTree +-- regexpu-core@2.0.0
82 silly currentTree +-- regjsgen@0.2.0
82 silly currentTree +-- regjsparser@0.1.5
82 silly currentTree | `-- jsesc@0.5.0
82 silly currentTree +-- repeat-element@1.1.2
82 silly currentTree +-- repeat-string@1.6.1
82 silly currentTree +-- repeating@2.0.1
82 silly currentTree +-- request@2.79.0
82 silly currentTree +-- require-directory@2.1.1
82 silly currentTree +-- require-from-string@1.2.1
82 silly currentTree +-- require-main-filename@1.0.1
82 silly currentTree +-- requires-port@1.0.0
82 silly currentTree +-- resolve-url-loader@1.6.1
82 silly currentTree | +-- camelcase@1.2.1
82 silly currentTree | `-- source-map@0.1.43
82 silly currentTree +-- resolve-url@0.2.1
82 silly currentTree +-- resolve@1.2.0
82 silly currentTree +-- rework-visit@1.0.0
82 silly currentTree +-- rework@1.0.1
82 silly currentTree | `-- convert-source-map@0.3.5
82 silly currentTree +-- right-align@0.1.3
82 silly currentTree +-- rimraf@2.5.4
82 silly currentTree | `-- glob@7.1.1
82 silly currentTree +-- ripemd160@1.0.1
82 silly currentTree +-- sass-graph@2.1.2
82 silly currentTree | `-- glob@7.1.1
82 silly currentTree +-- sass-loader@4.1.1
82 silly currentTree +-- sax@1.2.1
82 silly currentTree +-- select-hose@2.0.0
82 silly currentTree +-- semver@5.3.0
82 silly currentTree +-- send@0.14.2
82 silly currentTree | `-- debug@2.2.0
82 silly currentTree |   `-- ms@0.7.1
82 silly currentTree +-- serve-index@1.8.0
82 silly currentTree | +-- debug@2.2.0
82 silly currentTree | `-- ms@0.7.1
82 silly currentTree +-- serve-static@1.11.2
82 silly currentTree +-- set-blocking@2.0.0
82 silly currentTree +-- set-immediate-shim@1.0.1
82 silly currentTree +-- setimmediate@1.0.5
82 silly currentTree +-- setprototypeof@1.0.2
82 silly currentTree +-- sha.js@2.4.8
82 silly currentTree +-- shelljs@0.7.6
82 silly currentTree | `-- glob@7.1.1
82 silly currentTree +-- shellwords@0.1.0
82 silly currentTree +-- sigmund@1.0.1
82 silly currentTree +-- signal-exit@3.0.2
82 silly currentTree +-- slash@1.0.0
82 silly currentTree +-- sntp@1.0.9
82 silly currentTree +-- sockjs-client@1.1.1
82 silly currentTree | `-- faye-websocket@0.11.1
82 silly currentTree +-- sockjs@0.3.18
82 silly currentTree | `-- uuid@2.0.3
82 silly currentTree +-- sort-keys@1.1.2
82 silly currentTree +-- source-list-map@0.1.8
82 silly currentTree +-- source-map-resolve@0.3.1
82 silly currentTree +-- source-map-support@0.4.11
82 silly currentTree +-- source-map-url@0.3.0
82 silly currentTree +-- source-map@0.5.6
82 silly currentTree +-- spdx-correct@1.0.2
82 silly currentTree +-- spdx-expression-parse@1.0.4
82 silly currentTree +-- spdx-license-ids@1.2.2
82 silly currentTree +-- spdy-transport@2.0.18
82 silly currentTree +-- spdy@3.4.4
82 silly currentTree +-- sprintf-js@1.0.3
82 silly currentTree +-- sshpk@1.10.2
82 silly currentTree | `-- assert-plus@1.0.0
82 silly currentTree +-- stackframe@0.3.1
82 silly currentTree +-- statuses@1.3.1
82 silly currentTree +-- stdout-stream@1.4.0
82 silly currentTree +-- stream-browserify@2.0.1
82 silly currentTree +-- stream-http@2.6.3
82 silly currentTree +-- strict-uri-encode@1.1.0
82 silly currentTree +-- string_decoder@0.10.31
82 silly currentTree +-- string-width@1.0.2
82 silly currentTree +-- string.prototype.codepointat@0.2.0
82 silly currentTree +-- stringstream@0.0.5
82 silly currentTree +-- strip-ansi@3.0.1
82 silly currentTree +-- strip-bom@2.0.0
82 silly currentTree +-- strip-indent@1.0.1
82 silly currentTree +-- style-loader@0.13.1
82 silly currentTree +-- supports-color@2.0.0
82 silly currentTree +-- svgo@0.7.1
82 silly currentTree +-- tapable@0.2.6
82 silly currentTree +-- tar@2.2.1
82 silly currentTree +-- timers-browserify@2.0.2
82 silly currentTree +-- to-arraybuffer@1.0.1
82 silly currentTree +-- to-fast-properties@1.0.2
82 silly currentTree +-- tough-cookie@2.3.2
82 silly currentTree +-- trim-newlines@1.0.0
82 silly currentTree +-- tty-browserify@0.0.0
82 silly currentTree +-- tunnel-agent@0.4.3
82 silly currentTree +-- tweetnacl@0.14.5
82 silly currentTree +-- type-is@1.6.14
82 silly currentTree +-- uglify-js@2.7.5
82 silly currentTree | +-- async@0.2.10
82 silly currentTree | +-- camelcase@1.2.1
82 silly currentTree | +-- cliui@2.1.0
82 silly currentTree | +-- window-size@0.1.0
82 silly currentTree | `-- yargs@3.10.0
82 silly currentTree +-- uglify-to-browserify@1.0.2
82 silly currentTree +-- uniq@1.0.1
82 silly currentTree +-- uniqid@4.1.1
82 silly currentTree +-- uniqs@2.0.0
82 silly currentTree +-- unpipe@1.0.0
82 silly currentTree +-- urix@0.1.0
82 silly currentTree +-- url-parse@1.1.7
82 silly currentTree +-- url@0.11.0
82 silly currentTree | `-- punycode@1.3.2
82 silly currentTree +-- util-deprecate@1.0.2
82 silly currentTree +-- util@0.10.3
82 silly currentTree | `-- inherits@2.0.1
82 silly currentTree +-- utils-merge@1.0.0
82 silly currentTree +-- uuid@3.0.1
82 silly currentTree +-- validate-npm-package-license@3.0.1
82 silly currentTree +-- vary@1.1.0
82 silly currentTree +-- vendors@1.0.1
82 silly currentTree +-- verror@1.3.6
82 silly currentTree +-- vm-browserify@0.0.4
82 silly currentTree +-- vue-hot-reload-api@2.0.8
82 silly currentTree +-- vue-loader@10.1.2
82 silly currentTree +-- vue-style-loader@1.0.0
82 silly currentTree +-- vue-template-compiler@2.1.10
82 silly currentTree +-- vue-template-es2015-compiler@1.5.0
82 silly currentTree +-- vue@2.1.10
82 silly currentTree +-- watchpack@1.2.0
82 silly currentTree +-- wbuf@1.7.2
82 silly currentTree +-- webpack-dev-middleware@1.9.0
82 silly currentTree +-- webpack-dev-server@2.2.0
82 silly currentTree | +-- camelcase@3.0.0
82 silly currentTree | +-- supports-color@3.2.3
82 silly currentTree | +-- yargs-parser@4.2.1
82 silly currentTree | `-- yargs@6.6.0
82 silly currentTree +-- webpack-md5-hash@0.0.5
82 silly currentTree +-- webpack-notifier@1.5.0
82 silly currentTree +-- webpack-sources@0.1.4
82 silly currentTree +-- webpack-stats-plugin@0.1.4
82 silly currentTree +-- webpack@2.2.0
82 silly currentTree | +-- camelcase@3.0.0
82 silly currentTree | +-- supports-color@3.2.3
82 silly currentTree | +-- yargs-parser@4.2.1
82 silly currentTree | `-- yargs@6.6.0
82 silly currentTree +-- websocket-driver@0.6.5
82 silly currentTree +-- websocket-extensions@0.1.1
82 silly currentTree +-- whet.extend@0.9.9
82 silly currentTree +-- which-module@1.0.0
82 silly currentTree +-- which@1.2.12
82 silly currentTree +-- wide-align@1.1.0
82 silly currentTree +-- window-size@0.2.0
82 silly currentTree +-- wordwrap@0.0.2
82 silly currentTree +-- wrap-ansi@2.1.0
82 silly currentTree +-- wrappy@1.0.2
82 silly currentTree +-- xtend@4.0.1
82 silly currentTree +-- y18n@3.2.1
82 silly currentTree +-- yallist@2.0.0
82 silly currentTree +-- yargs-parser@2.4.1
82 silly currentTree | `-- camelcase@3.0.0
82 silly currentTree `-- yargs@4.8.1
83 silly idealTree music-hackathon
83 silly idealTree +-- abbrev@1.0.9
83 silly idealTree +-- accepts@1.3.3
83 silly idealTree +-- acorn-dynamic-import@2.0.1
83 silly idealTree +-- acorn@4.0.4
83 silly idealTree +-- ajv-keywords@1.5.1
83 silly idealTree +-- ajv@4.11.2
83 silly idealTree +-- align-text@0.1.4
83 silly idealTree +-- alphanum-sort@1.0.2
83 silly idealTree +-- amdefine@1.0.1
83 silly idealTree +-- ansi-regex@2.1.1
83 silly idealTree +-- ansi-styles@2.2.1
83 silly idealTree +-- ansicolors@0.2.1
83 silly idealTree +-- anymatch@1.3.0
83 silly idealTree +-- aproba@1.0.4
83 silly idealTree +-- are-we-there-yet@1.1.2
83 silly idealTree +-- argparse@1.0.9
83 silly idealTree +-- arr-diff@2.0.0
83 silly idealTree +-- arr-flatten@1.0.1
83 silly idealTree +-- array-find-index@1.0.2
83 silly idealTree +-- array-flatten@1.1.1
83 silly idealTree +-- array-unique@0.2.1
83 silly idealTree +-- arrify@1.0.1
83 silly idealTree +-- asap@2.0.5
83 silly idealTree +-- asn1.js@4.9.1
83 silly idealTree +-- asn1@0.2.3
83 silly idealTree +-- assert-plus@0.2.0
83 silly idealTree +-- assert@1.4.1
83 silly idealTree +-- async-each@1.0.1
83 silly idealTree +-- async-foreach@0.1.3
83 silly idealTree +-- async@2.1.4
83 silly idealTree +-- asynckit@0.4.0
83 silly idealTree +-- atob@1.1.3
83 silly idealTree +-- autoprefixer@6.7.0
83 silly idealTree +-- aws-sign2@0.6.0
83 silly idealTree +-- aws4@1.5.0
83 silly idealTree +-- axios@0.15.3
83 silly idealTree +-- babel-code-frame@6.22.0
83 silly idealTree +-- babel-core@6.22.1
83 silly idealTree +-- babel-generator@6.22.0
83 silly idealTree +-- babel-helper-call-delegate@6.22.0
83 silly idealTree +-- babel-helper-define-map@6.22.0
83 silly idealTree +-- babel-helper-function-name@6.22.0
83 silly idealTree +-- babel-helper-get-function-arity@6.22.0
83 silly idealTree +-- babel-helper-hoist-variables@6.22.0
83 silly idealTree +-- babel-helper-optimise-call-expression@6.22.0
83 silly idealTree +-- babel-helper-regex@6.22.0
83 silly idealTree +-- babel-helper-replace-supers@6.22.0
83 silly idealTree +-- babel-helpers@6.22.0
83 silly idealTree +-- babel-loader@6.2.10
83 silly idealTree +-- babel-messages@6.22.0
83 silly idealTree +-- babel-plugin-check-es2015-constants@6.22.0
83 silly idealTree +-- babel-plugin-transform-es2015-arrow-functions@6.22.0
83 silly idealTree +-- babel-plugin-transform-es2015-block-scoped-functions@6.22.0
83 silly idealTree +-- babel-plugin-transform-es2015-block-scoping@6.22.0
83 silly idealTree +-- babel-plugin-transform-es2015-classes@6.22.0
83 silly idealTree +-- babel-plugin-transform-es2015-computed-properties@6.22.0
83 silly idealTree +-- babel-plugin-transform-es2015-destructuring@6.22.0
83 silly idealTree +-- babel-plugin-transform-es2015-duplicate-keys@6.22.0
83 silly idealTree +-- babel-plugin-transform-es2015-for-of@6.22.0
83 silly idealTree +-- babel-plugin-transform-es2015-function-name@6.22.0
83 silly idealTree +-- babel-plugin-transform-es2015-literals@6.22.0
83 silly idealTree +-- babel-plugin-transform-es2015-modules-amd@6.22.0
83 silly idealTree +-- babel-plugin-transform-es2015-modules-commonjs@6.22.0
83 silly idealTree +-- babel-plugin-transform-es2015-modules-systemjs@6.22.0
83 silly idealTree +-- babel-plugin-transform-es2015-modules-umd@6.22.0
83 silly idealTree +-- babel-plugin-transform-es2015-object-super@6.22.0
83 silly idealTree +-- babel-plugin-transform-es2015-parameters@6.22.0
83 silly idealTree +-- babel-plugin-transform-es2015-shorthand-properties@6.22.0
83 silly idealTree +-- babel-plugin-transform-es2015-spread@6.22.0
83 silly idealTree +-- babel-plugin-transform-es2015-sticky-regex@6.22.0
83 silly idealTree +-- babel-plugin-transform-es2015-template-literals@6.22.0
83 silly idealTree +-- babel-plugin-transform-es2015-typeof-symbol@6.22.0
83 silly idealTree +-- babel-plugin-transform-es2015-unicode-regex@6.22.0
83 silly idealTree +-- babel-plugin-transform-regenerator@6.22.0
83 silly idealTree +-- babel-plugin-transform-strict-mode@6.22.0
83 silly idealTree +-- babel-preset-es2015@6.22.0
83 silly idealTree +-- babel-register@6.22.0
83 silly idealTree +-- babel-runtime@6.22.0
83 silly idealTree +-- babel-template@6.22.0
83 silly idealTree +-- babel-traverse@6.22.1
83 silly idealTree +-- babel-types@6.22.0
83 silly idealTree +-- babylon@6.15.0
83 silly idealTree +-- balanced-match@0.4.2
83 silly idealTree +-- base64-js@1.2.0
83 silly idealTree +-- batch@0.5.3
83 silly idealTree +-- bcrypt-pbkdf@1.0.0
83 silly idealTree +-- big.js@3.1.3
83 silly idealTree +-- binary-extensions@1.8.0
83 silly idealTree +-- block-stream@0.0.9
83 silly idealTree +-- bluebird@2.11.0
83 silly idealTree +-- bn.js@4.11.6
83 silly idealTree +-- boom@2.10.1
83 silly idealTree +-- bootstrap-sass@3.3.7
83 silly idealTree +-- brace-expansion@1.1.6
83 silly idealTree +-- braces@1.8.5
83 silly idealTree +-- brorand@1.0.6
83 silly idealTree +-- browserify-aes@1.0.6
83 silly idealTree +-- browserify-cipher@1.0.0
83 silly idealTree +-- browserify-des@1.0.0
83 silly idealTree +-- browserify-rsa@4.0.1
83 silly idealTree +-- browserify-sign@4.0.0
83 silly idealTree +-- browserify-zlib@0.1.4
83 silly idealTree +-- browserslist@1.6.0
83 silly idealTree +-- buffer-shims@1.0.0
83 silly idealTree +-- buffer-xor@1.0.3
83 silly idealTree +-- buffer@4.9.1
83 silly idealTree +-- builtin-modules@1.1.1
83 silly idealTree +-- builtin-status-codes@3.0.0
83 silly idealTree +-- bytes@2.3.0
83 silly idealTree +-- camelcase-keys@2.1.0
83 silly idealTree +-- camelcase@2.1.1
83 silly idealTree +-- caniuse-api@1.5.2
83 silly idealTree +-- caniuse-db@1.0.30000617
83 silly idealTree +-- cardinal@1.0.0
83 silly idealTree +-- caseless@0.11.0
83 silly idealTree +-- center-align@0.1.3
83 silly idealTree +-- chalk@1.1.3
83 silly idealTree +-- charenc@0.0.2
83 silly idealTree +-- chokidar@1.6.1
83 silly idealTree | +-- is-extglob@1.0.0
83 silly idealTree | `-- is-glob@2.0.1
83 silly idealTree +-- cipher-base@1.0.3
83 silly idealTree +-- clap@1.1.2
83 silly idealTree +-- clean-css@3.4.24
83 silly idealTree | `-- source-map@0.4.4
83 silly idealTree +-- cli-table@0.3.1
83 silly idealTree | `-- colors@1.0.3
83 silly idealTree +-- cli-usage@0.1.4
83 silly idealTree +-- cliui@3.2.0
83 silly idealTree +-- clone@1.0.2
83 silly idealTree +-- co@4.6.0
83 silly idealTree +-- coa@1.0.1
83 silly idealTree +-- code-point-at@1.1.0
83 silly idealTree +-- color-convert@1.9.0
83 silly idealTree +-- color-name@1.1.1
83 silly idealTree +-- color-string@0.3.0
83 silly idealTree +-- color@0.11.4
83 silly idealTree +-- colormin@1.1.2
83 silly idealTree +-- colors@1.1.2
83 silly idealTree +-- combined-stream@1.0.5
83 silly idealTree +-- commander@2.8.1
83 silly idealTree +-- commondir@1.0.1
83 silly idealTree +-- compressible@2.0.9
83 silly idealTree +-- compression@1.6.2
83 silly idealTree | +-- debug@2.2.0
83 silly idealTree | `-- ms@0.7.1
83 silly idealTree +-- concat-map@0.0.1
83 silly idealTree +-- concatenate@0.0.2
83 silly idealTree +-- config-chain@1.1.11
83 silly idealTree +-- connect-history-api-fallback@1.3.0
83 silly idealTree +-- console-browserify@1.1.0
83 silly idealTree +-- console-control-strings@1.1.0
83 silly idealTree +-- consolidate@0.14.5
83 silly idealTree | `-- bluebird@3.4.7
83 silly idealTree +-- constants-browserify@1.0.0
83 silly idealTree +-- content-disposition@0.5.2
83 silly idealTree +-- content-type@1.0.2
83 silly idealTree +-- convert-source-map@1.3.0
83 silly idealTree +-- cookie-signature@1.0.6
83 silly idealTree +-- cookie@0.3.1
83 silly idealTree +-- copy-webpack-plugin@4.0.1
83 silly idealTree | `-- glob@6.0.4
83 silly idealTree +-- core-js@2.4.1
83 silly idealTree +-- core-util-is@1.0.2
83 silly idealTree +-- cosmiconfig@2.1.1
83 silly idealTree | `-- minimist@1.2.0
83 silly idealTree +-- create-ecdh@4.0.0
83 silly idealTree +-- create-hash@1.1.2
83 silly idealTree +-- create-hmac@1.1.4
83 silly idealTree +-- cross-env@3.1.4
83 silly idealTree +-- cross-spawn@3.0.1
83 silly idealTree +-- crypt@0.0.2
83 silly idealTree +-- cryptiles@2.0.5
83 silly idealTree +-- crypto-browserify@3.11.0
83 silly idealTree +-- css-color-names@0.0.4
83 silly idealTree +-- css-loader@0.26.1
83 silly idealTree +-- css-selector-tokenizer@0.7.0
83 silly idealTree | `-- regexpu-core@1.0.0
83 silly idealTree +-- css@2.2.1
83 silly idealTree | `-- source-map@0.1.43
83 silly idealTree +-- cssesc@0.1.0
83 silly idealTree +-- cssnano@3.10.0
83 silly idealTree +-- csso@2.2.1
83 silly idealTree +-- currently-unhandled@0.4.1
83 silly idealTree +-- dashdash@1.14.1
83 silly idealTree | `-- assert-plus@1.0.0
83 silly idealTree +-- date-now@0.1.4
83 silly idealTree +-- de-indent@1.0.2
83 silly idealTree +-- debug@2.6.0
83 silly idealTree +-- decamelize@1.2.0
83 silly idealTree +-- defined@1.0.0
83 silly idealTree +-- delayed-stream@1.0.0
83 silly idealTree +-- delegates@1.0.0
83 silly idealTree +-- depd@1.1.0
83 silly idealTree +-- des.js@1.0.0
83 silly idealTree +-- destroy@1.0.4
83 silly idealTree +-- detect-indent@4.0.0
83 silly idealTree +-- diffie-hellman@5.0.2
83 silly idealTree +-- domain-browser@1.1.7
83 silly idealTree +-- ecc-jsbn@0.1.1
83 silly idealTree +-- editorconfig@0.13.2
83 silly idealTree | +-- bluebird@3.4.7
83 silly idealTree | +-- commander@2.9.0
83 silly idealTree | `-- lru-cache@3.2.0
83 silly idealTree +-- ee-first@1.1.1
83 silly idealTree +-- electron-to-chromium@1.2.1
83 silly idealTree +-- elliptic@6.3.2
83 silly idealTree +-- emojis-list@2.1.0
83 silly idealTree +-- encodeurl@1.0.1
83 silly idealTree +-- enhanced-resolve@3.0.3
83 silly idealTree +-- errno@0.1.4
83 silly idealTree +-- error-ex@1.3.0
83 silly idealTree +-- error-stack-parser@1.3.6
83 silly idealTree +-- escape-html@1.0.3
83 silly idealTree +-- escape-string-regexp@1.0.5
83 silly idealTree +-- esprima@2.7.3
83 silly idealTree +-- esutils@2.0.2
83 silly idealTree +-- etag@1.7.0
83 silly idealTree +-- eventemitter3@1.2.0
83 silly idealTree +-- events@1.1.1
83 silly idealTree +-- eventsource@0.1.6
83 silly idealTree +-- evp_bytestokey@1.0.0
83 silly idealTree +-- expand-brackets@0.1.5
83 silly idealTree +-- expand-range@1.8.2
83 silly idealTree +-- express@4.14.1
83 silly idealTree | +-- debug@2.2.0
83 silly idealTree | +-- ms@0.7.1
83 silly idealTree | `-- qs@6.2.0
83 silly idealTree +-- extend@3.0.0
83 silly idealTree +-- extglob@0.3.2
83 silly idealTree | `-- is-extglob@1.0.0
83 silly idealTree +-- extract-text-webpack-plugin@2.0.0-rc.2
83 silly idealTree +-- extsprintf@1.0.2
83 silly idealTree +-- fastparse@1.1.1
83 silly idealTree +-- faye-websocket@0.10.0
83 silly idealTree +-- file-loader@0.9.0
83 silly idealTree +-- filename-regex@2.0.0
83 silly idealTree +-- fill-range@2.2.3
83 silly idealTree +-- finalhandler@0.5.1
83 silly idealTree | +-- debug@2.2.0
83 silly idealTree | `-- ms@0.7.1
83 silly idealTree +-- find-cache-dir@0.1.1
83 silly idealTree +-- find-up@1.1.2
83 silly idealTree +-- flatten@1.0.2
83 silly idealTree +-- follow-redirects@1.0.0
83 silly idealTree +-- for-in@0.1.6
83 silly idealTree +-- for-own@0.1.4
83 silly idealTree +-- forever-agent@0.6.1
83 silly idealTree +-- form-data@2.1.2
83 silly idealTree +-- forwarded@0.1.0
83 silly idealTree +-- fresh@0.3.0
83 silly idealTree +-- friendly-errors-webpack-plugin@1.1.3
83 silly idealTree +-- fs-extra@0.26.7
83 silly idealTree +-- fs.realpath@1.0.0
83 silly idealTree +-- fs@0.0.1-security
83 silly idealTree +-- fstream@1.0.10
83 silly idealTree +-- function-bind@1.1.0
83 silly idealTree +-- gauge@2.7.2
83 silly idealTree | `-- supports-color@0.2.0
83 silly idealTree +-- gaze@1.1.2
83 silly idealTree +-- generate-function@2.0.0
83 silly idealTree +-- generate-object-property@1.2.0
83 silly idealTree +-- get-caller-file@1.0.2
83 silly idealTree +-- get-stdin@4.0.1
83 silly idealTree +-- getpass@0.1.6
83 silly idealTree | `-- assert-plus@1.0.0
83 silly idealTree +-- glob-base@0.3.0
83 silly idealTree | +-- is-extglob@1.0.0
83 silly idealTree | `-- is-glob@2.0.1
83 silly idealTree +-- glob-parent@2.0.0
83 silly idealTree | +-- is-extglob@1.0.0
83 silly idealTree | `-- is-glob@2.0.1
83 silly idealTree +-- glob@4.5.3
83 silly idealTree | `-- minimatch@2.0.10
83 silly idealTree +-- globals@9.14.0
83 silly idealTree +-- globs@0.1.2
83 silly idealTree +-- globule@1.1.0
83 silly idealTree | +-- glob@7.1.1
83 silly idealTree | `-- lodash@4.16.6
83 silly idealTree +-- graceful-fs@4.1.11
83 silly idealTree +-- graceful-readlink@1.0.1
83 silly idealTree +-- growly@1.3.0
83 silly idealTree +-- handle-thing@1.2.5
83 silly idealTree +-- har-validator@2.0.6
83 silly idealTree | `-- commander@2.9.0
83 silly idealTree +-- has-ansi@2.0.0
83 silly idealTree +-- has-flag@1.0.0
83 silly idealTree +-- has-unicode@2.0.1
83 silly idealTree +-- has@1.0.1
83 silly idealTree +-- hash-sum@1.0.2
83 silly idealTree +-- hash.js@1.0.3
83 silly idealTree +-- hawk@3.1.3
83 silly idealTree +-- he@1.1.1
83 silly idealTree +-- hoek@2.16.3
83 silly idealTree +-- home-or-tmp@2.0.0
83 silly idealTree +-- hosted-git-info@2.1.5
83 silly idealTree +-- hpack.js@2.1.6
83 silly idealTree +-- html-comment-regex@1.1.1
83 silly idealTree +-- http-deceiver@1.2.7
83 silly idealTree +-- http-errors@1.5.1
83 silly idealTree +-- http-proxy-middleware@0.17.3
83 silly idealTree +-- http-proxy@1.16.2
83 silly idealTree +-- http-signature@1.1.1
83 silly idealTree +-- https-browserify@0.0.1
83 silly idealTree +-- icss-replace-symbols@1.0.2
83 silly idealTree +-- ieee754@1.1.8
83 silly idealTree +-- image-size@0.5.1
83 silly idealTree +-- in-publish@2.0.0
83 silly idealTree +-- indent-string@2.1.0
83 silly idealTree +-- indexes-of@1.0.1
83 silly idealTree +-- indexof@0.0.1
83 silly idealTree +-- inflight@1.0.6
83 silly idealTree +-- inherits@2.0.3
83 silly idealTree +-- ini@1.3.4
83 silly idealTree +-- interpret@1.0.1
83 silly idealTree +-- invariant@2.2.2
83 silly idealTree +-- invert-kv@1.0.0
83 silly idealTree +-- ipaddr.js@1.2.0
83 silly idealTree +-- is-absolute-url@2.1.0
83 silly idealTree +-- is-arrayish@0.2.1
83 silly idealTree +-- is-binary-path@1.0.1
83 silly idealTree +-- is-buffer@1.1.4
83 silly idealTree +-- is-builtin-module@1.0.0
83 silly idealTree +-- is-dotfile@1.0.2
83 silly idealTree +-- is-equal-shallow@0.1.3
83 silly idealTree +-- is-extendable@0.1.1
83 silly idealTree +-- is-extglob@2.1.1
83 silly idealTree +-- is-finite@1.0.2
83 silly idealTree +-- is-fullwidth-code-point@1.0.0
83 silly idealTree +-- is-glob@3.1.0
83 silly idealTree +-- is-my-json-valid@2.15.0
83 silly idealTree +-- is-number@2.1.0
83 silly idealTree +-- is-plain-obj@1.1.0
83 silly idealTree +-- is-posix-bracket@0.1.1
83 silly idealTree +-- is-primitive@2.0.0
83 silly idealTree +-- is-property@1.0.2
83 silly idealTree +-- is-svg@2.1.0
83 silly idealTree +-- is-typedarray@1.0.0
83 silly idealTree +-- is-utf8@0.2.1
83 silly idealTree +-- isarray@1.0.0
83 silly idealTree +-- isexe@1.1.2
83 silly idealTree +-- isobject@2.1.0
83 silly idealTree +-- isstream@0.1.2
83 silly idealTree +-- jodid25519@1.0.2
83 silly idealTree +-- jquery@3.1.1
83 silly idealTree +-- js-base64@2.1.9
83 silly idealTree +-- js-beautify@1.6.8
83 silly idealTree +-- js-tokens@3.0.0
83 silly idealTree +-- js-yaml@3.6.1
83 silly idealTree +-- jsbn@0.1.0
83 silly idealTree +-- jsesc@1.3.0
83 silly idealTree +-- json-loader@0.5.4
83 silly idealTree +-- json-schema@0.2.3
83 silly idealTree +-- json-stable-stringify@1.0.1
83 silly idealTree +-- json-stringify-safe@5.0.1
83 silly idealTree +-- json3@3.3.2
83 silly idealTree +-- json5@0.5.1
83 silly idealTree +-- jsonfile@2.4.0
83 silly idealTree +-- jsonify@0.0.0
83 silly idealTree +-- jsonpointer@4.0.1
83 silly idealTree +-- jsprim@1.3.1
83 silly idealTree +-- kind-of@3.1.0
83 silly idealTree +-- klaw@1.3.1
83 silly idealTree +-- laravel-mix@0.5.16
83 silly idealTree +-- lazy-cache@1.0.4
83 silly idealTree +-- lcid@1.0.0
83 silly idealTree +-- less-loader@2.2.3
83 silly idealTree +-- less@2.7.2
83 silly idealTree +-- load-json-file@1.1.0
83 silly idealTree +-- loader-runner@2.3.0
83 silly idealTree +-- loader-utils@0.2.16
83 silly idealTree +-- lodash._arraycopy@3.0.0
83 silly idealTree +-- lodash._arrayeach@3.0.0
83 silly idealTree +-- lodash._baseassign@3.2.0
83 silly idealTree +-- lodash._baseclone@3.3.0
83 silly idealTree +-- lodash._basecopy@3.0.1
83 silly idealTree +-- lodash._basefor@3.0.3
83 silly idealTree +-- lodash._bindcallback@3.0.1
83 silly idealTree +-- lodash._createassigner@3.1.1
83 silly idealTree +-- lodash._getnative@3.9.1
83 silly idealTree +-- lodash._isiterateecall@3.0.9
83 silly idealTree +-- lodash.assign@4.2.0
83 silly idealTree +-- lodash.camelcase@4.3.0
83 silly idealTree +-- lodash.clonedeep@4.5.0
83 silly idealTree +-- lodash.defaults@3.1.2
83 silly idealTree | `-- lodash.assign@3.2.0
83 silly idealTree +-- lodash.indexof@4.0.5
83 silly idealTree +-- lodash.isarguments@3.1.0
83 silly idealTree +-- lodash.isarray@3.0.4
83 silly idealTree +-- lodash.keys@3.1.2
83 silly idealTree +-- lodash.memoize@4.1.2
83 silly idealTree +-- lodash.mergewith@4.6.0
83 silly idealTree +-- lodash.restparam@3.6.1
83 silly idealTree +-- lodash.uniq@4.5.0
83 silly idealTree +-- lodash@4.17.4
83 silly idealTree +-- longest@1.0.1
83 silly idealTree +-- loose-envify@1.3.1
83 silly idealTree +-- loud-rejection@1.6.0
83 silly idealTree +-- lru-cache@4.0.2
83 silly idealTree +-- macaddress@0.2.8
83 silly idealTree +-- map-obj@1.0.1
83 silly idealTree +-- marked-terminal@1.7.0
83 silly idealTree +-- marked@0.3.6
83 silly idealTree +-- math-expression-evaluator@1.2.15
83 silly idealTree +-- md5@2.2.1
83 silly idealTree +-- media-typer@0.3.0
83 silly idealTree +-- memory-fs@0.4.1
83 silly idealTree +-- meow@3.7.0
83 silly idealTree | `-- minimist@1.2.0
83 silly idealTree +-- merge-descriptors@1.0.1
83 silly idealTree +-- methods@1.1.2
83 silly idealTree +-- micromatch@2.3.11
83 silly idealTree | +-- is-extglob@1.0.0
83 silly idealTree | `-- is-glob@2.0.1
83 silly idealTree +-- miller-rabin@4.0.0
83 silly idealTree +-- mime-db@1.26.0
83 silly idealTree +-- mime-types@2.1.14
83 silly idealTree +-- mime@1.3.4
83 silly idealTree +-- minimalistic-assert@1.0.0
83 silly idealTree +-- minimatch@3.0.3
83 silly idealTree +-- minimist@0.0.8
83 silly idealTree +-- mkdirp@0.5.1
83 silly idealTree +-- ms@0.7.2
83 silly idealTree +-- nan@2.5.1
83 silly idealTree +-- negotiator@0.6.1
83 silly idealTree +-- node-dir@0.1.16
83 silly idealTree +-- node-emoji@1.5.1
83 silly idealTree +-- node-gyp@3.5.0
83 silly idealTree | `-- glob@7.1.1
83 silly idealTree +-- node-libs-browser@2.0.0
83 silly idealTree +-- node-notifier@4.6.1
83 silly idealTree | +-- lodash.clonedeep@3.0.2
83 silly idealTree | `-- minimist@1.2.0
83 silly idealTree +-- node-sass@4.4.0
83 silly idealTree | `-- glob@7.1.1
83 silly idealTree +-- nopt@3.0.6
83 silly idealTree +-- normalize-package-data@2.3.5
83 silly idealTree +-- normalize-path@2.0.1
83 silly idealTree +-- normalize-range@0.1.2
83 silly idealTree +-- normalize-url@1.9.0
83 silly idealTree +-- npmlog@4.0.2
83 silly idealTree +-- num2fraction@1.2.2
83 silly idealTree +-- number-is-nan@1.0.1
83 silly idealTree +-- oauth-sign@0.8.2
83 silly idealTree +-- object-assign@4.1.1
83 silly idealTree +-- object.omit@2.0.1
83 silly idealTree +-- obuf@1.1.1
83 silly idealTree +-- on-build-webpack@0.1.0
83 silly idealTree +-- on-finished@2.3.0
83 silly idealTree +-- on-headers@1.0.1
83 silly idealTree +-- once@1.4.0
83 silly idealTree +-- opn@4.0.2
83 silly idealTree +-- original@1.0.0
83 silly idealTree | `-- url-parse@1.0.5
83 silly idealTree +-- os-browserify@0.2.1
83 silly idealTree +-- os-homedir@1.0.2
83 silly idealTree +-- os-locale@1.4.0
83 silly idealTree +-- os-tmpdir@1.0.2
83 silly idealTree +-- osenv@0.1.4
83 silly idealTree +-- pako@0.2.9
83 silly idealTree +-- parse-asn1@5.0.0
83 silly idealTree +-- parse-glob@3.0.4
83 silly idealTree | +-- is-extglob@1.0.0
83 silly idealTree | `-- is-glob@2.0.1
83 silly idealTree +-- parse-json@2.2.0
83 silly idealTree +-- parseurl@1.3.1
83 silly idealTree +-- path-browserify@0.0.0
83 silly idealTree +-- path-exists@2.1.0
83 silly idealTree +-- path-is-absolute@1.0.1
83 silly idealTree +-- path-to-regexp@0.1.7
83 silly idealTree +-- path-type@1.1.0
83 silly idealTree +-- path@0.12.7
83 silly idealTree +-- pbkdf2@3.0.9
83 silly idealTree +-- pify@2.3.0
83 silly idealTree +-- pinkie-promise@2.0.1
83 silly idealTree +-- pinkie@2.0.4
83 silly idealTree +-- pkg-dir@1.0.0
83 silly idealTree +-- portfinder@1.0.12
83 silly idealTree | `-- async@1.5.2
83 silly idealTree +-- postcss-calc@5.3.1
83 silly idealTree +-- postcss-colormin@2.2.1
83 silly idealTree +-- postcss-convert-values@2.6.0
83 silly idealTree +-- postcss-discard-comments@2.0.4
83 silly idealTree +-- postcss-discard-duplicates@2.0.2
83 silly idealTree +-- postcss-discard-empty@2.1.0
83 silly idealTree +-- postcss-discard-overridden@0.1.1
83 silly idealTree +-- postcss-discard-unused@2.2.3
83 silly idealTree +-- postcss-filter-plugins@2.0.2
83 silly idealTree +-- postcss-load-config@1.1.0
83 silly idealTree +-- postcss-load-options@1.1.0
83 silly idealTree +-- postcss-load-plugins@2.2.0
83 silly idealTree +-- postcss-loader@1.2.2
83 silly idealTree +-- postcss-merge-idents@2.1.7
83 silly idealTree +-- postcss-merge-longhand@2.0.2
83 silly idealTree +-- postcss-merge-rules@2.1.1
83 silly idealTree +-- postcss-message-helpers@2.0.0
83 silly idealTree +-- postcss-minify-font-values@1.0.5
83 silly idealTree +-- postcss-minify-gradients@1.0.5
83 silly idealTree +-- postcss-minify-params@1.2.2
83 silly idealTree +-- postcss-minify-selectors@2.1.1
83 silly idealTree +-- postcss-modules-extract-imports@1.0.1
83 silly idealTree +-- postcss-modules-local-by-default@1.1.1
83 silly idealTree | +-- css-selector-tokenizer@0.6.0
83 silly idealTree | `-- regexpu-core@1.0.0
83 silly idealTree +-- postcss-modules-scope@1.0.2
83 silly idealTree | +-- css-selector-tokenizer@0.6.0
83 silly idealTree | `-- regexpu-core@1.0.0
83 silly idealTree +-- postcss-modules-values@1.2.2
83 silly idealTree +-- postcss-normalize-charset@1.1.1
83 silly idealTree +-- postcss-normalize-url@3.0.8
83 silly idealTree +-- postcss-ordered-values@2.2.3
83 silly idealTree +-- postcss-reduce-idents@2.4.0
83 silly idealTree +-- postcss-reduce-initial@1.0.1
83 silly idealTree +-- postcss-reduce-transforms@1.0.4
83 silly idealTree +-- postcss-selector-parser@2.2.2
83 silly idealTree +-- postcss-svgo@2.1.6
83 silly idealTree +-- postcss-unique-selectors@2.0.2
83 silly idealTree +-- postcss-value-parser@3.3.0
83 silly idealTree +-- postcss-zindex@2.2.0
83 silly idealTree +-- postcss@5.2.11
83 silly idealTree | `-- supports-color@3.2.3
83 silly idealTree +-- prepend-http@1.0.4
83 silly idealTree +-- preserve@0.2.0
83 silly idealTree +-- private@0.1.6
83 silly idealTree +-- process-nextick-args@1.0.7
83 silly idealTree +-- process@0.11.9
83 silly idealTree +-- promise@7.1.1
83 silly idealTree +-- proto-list@1.2.4
83 silly idealTree +-- proxy-addr@1.1.3
83 silly idealTree +-- prr@0.0.0
83 silly idealTree +-- pseudomap@1.0.2
83 silly idealTree +-- public-encrypt@4.0.0
83 silly idealTree +-- punycode@1.4.1
83 silly idealTree +-- q@1.4.1
83 silly idealTree +-- qs@6.3.0
83 silly idealTree +-- query-string@4.3.1
83 silly idealTree +-- querystring-es3@0.2.1
83 silly idealTree +-- querystring@0.2.0
83 silly idealTree +-- querystringify@0.0.4
83 silly idealTree +-- randomatic@1.1.6
83 silly idealTree +-- randombytes@2.0.3
83 silly idealTree +-- range-parser@1.2.0
83 silly idealTree +-- read-pkg-up@1.0.1
83 silly idealTree +-- read-pkg@1.1.0
83 silly idealTree +-- readable-stream@2.2.2
83 silly idealTree +-- readdirp@2.1.0
83 silly idealTree +-- rechoir@0.6.2
83 silly idealTree +-- redent@1.0.0
83 silly idealTree +-- redeyed@1.0.1
83 silly idealTree | `-- esprima@3.0.0
83 silly idealTree +-- reduce-css-calc@1.3.0
83 silly idealTree +-- reduce-function-call@1.0.2
83 silly idealTree +-- regenerate@1.3.2
83 silly idealTree +-- regenerator-runtime@0.10.1
83 silly idealTree +-- regenerator-transform@0.9.8
83 silly idealTree +-- regex-cache@0.4.3
83 silly idealTree +-- regexpu-core@2.0.0
83 silly idealTree +-- regjsgen@0.2.0
83 silly idealTree +-- regjsparser@0.1.5
83 silly idealTree | `-- jsesc@0.5.0
83 silly idealTree +-- repeat-element@1.1.2
83 silly idealTree +-- repeat-string@1.6.1
83 silly idealTree +-- repeating@2.0.1
83 silly idealTree +-- request@2.79.0
83 silly idealTree +-- require-directory@2.1.1
83 silly idealTree +-- require-from-string@1.2.1
83 silly idealTree +-- require-main-filename@1.0.1
83 silly idealTree +-- requires-port@1.0.0
83 silly idealTree +-- resolve-url-loader@1.6.1
83 silly idealTree | +-- camelcase@1.2.1
83 silly idealTree | `-- source-map@0.1.43
83 silly idealTree +-- resolve-url@0.2.1
83 silly idealTree +-- resolve@1.2.0
83 silly idealTree +-- rework-visit@1.0.0
83 silly idealTree +-- rework@1.0.1
83 silly idealTree | `-- convert-source-map@0.3.5
83 silly idealTree +-- right-align@0.1.3
83 silly idealTree +-- rimraf@2.5.4
83 silly idealTree | `-- glob@7.1.1
83 silly idealTree +-- ripemd160@1.0.1
83 silly idealTree +-- sass-graph@2.1.2
83 silly idealTree | `-- glob@7.1.1
83 silly idealTree +-- sass-loader@4.1.1
83 silly idealTree +-- sax@1.2.1
83 silly idealTree +-- select-hose@2.0.0
83 silly idealTree +-- semver@5.3.0
83 silly idealTree +-- send@0.14.2
83 silly idealTree | `-- debug@2.2.0
83 silly idealTree |   `-- ms@0.7.1
83 silly idealTree +-- serve-index@1.8.0
83 silly idealTree | +-- debug@2.2.0
83 silly idealTree | `-- ms@0.7.1
83 silly idealTree +-- serve-static@1.11.2
83 silly idealTree +-- set-blocking@2.0.0
83 silly idealTree +-- set-immediate-shim@1.0.1
83 silly idealTree +-- setimmediate@1.0.5
83 silly idealTree +-- setprototypeof@1.0.2
83 silly idealTree +-- sha.js@2.4.8
83 silly idealTree +-- shelljs@0.7.6
83 silly idealTree | `-- glob@7.1.1
83 silly idealTree +-- shellwords@0.1.0
83 silly idealTree +-- sigmund@1.0.1
83 silly idealTree +-- signal-exit@3.0.2
83 silly idealTree +-- slash@1.0.0
83 silly idealTree +-- sntp@1.0.9
83 silly idealTree +-- sockjs-client@1.1.1
83 silly idealTree | `-- faye-websocket@0.11.1
83 silly idealTree +-- sockjs@0.3.18
83 silly idealTree | `-- uuid@2.0.3
83 silly idealTree +-- sort-keys@1.1.2
83 silly idealTree +-- source-list-map@0.1.8
83 silly idealTree +-- source-map-resolve@0.3.1
83 silly idealTree +-- source-map-support@0.4.11
83 silly idealTree +-- source-map-url@0.3.0
83 silly idealTree +-- source-map@0.5.6
83 silly idealTree +-- spdx-correct@1.0.2
83 silly idealTree +-- spdx-expression-parse@1.0.4
83 silly idealTree +-- spdx-license-ids@1.2.2
83 silly idealTree +-- spdy-transport@2.0.18
83 silly idealTree +-- spdy@3.4.4
83 silly idealTree +-- sprintf-js@1.0.3
83 silly idealTree +-- sshpk@1.10.2
83 silly idealTree | `-- assert-plus@1.0.0
83 silly idealTree +-- stackframe@0.3.1
83 silly idealTree +-- statuses@1.3.1
83 silly idealTree +-- stdout-stream@1.4.0
83 silly idealTree +-- stream-browserify@2.0.1
83 silly idealTree +-- stream-http@2.6.3
83 silly idealTree +-- strict-uri-encode@1.1.0
83 silly idealTree +-- string_decoder@0.10.31
83 silly idealTree +-- string-width@1.0.2
83 silly idealTree +-- string.prototype.codepointat@0.2.0
83 silly idealTree +-- stringstream@0.0.5
83 silly idealTree +-- strip-ansi@3.0.1
83 silly idealTree +-- strip-bom@2.0.0
83 silly idealTree +-- strip-indent@1.0.1
83 silly idealTree +-- style-loader@0.13.1
83 silly idealTree +-- supports-color@2.0.0
83 silly idealTree +-- svgo@0.7.1
83 silly idealTree +-- tapable@0.2.6
83 silly idealTree +-- tar@2.2.1
83 silly idealTree +-- timers-browserify@2.0.2
83 silly idealTree +-- to-arraybuffer@1.0.1
83 silly idealTree +-- to-fast-properties@1.0.2
83 silly idealTree +-- tough-cookie@2.3.2
83 silly idealTree +-- trim-newlines@1.0.0
83 silly idealTree +-- tty-browserify@0.0.0
83 silly idealTree +-- tunnel-agent@0.4.3
83 silly idealTree +-- tweetnacl@0.14.5
83 silly idealTree +-- type-is@1.6.14
83 silly idealTree +-- uglify-js@2.7.5
83 silly idealTree | +-- async@0.2.10
83 silly idealTree | +-- camelcase@1.2.1
83 silly idealTree | +-- cliui@2.1.0
83 silly idealTree | +-- window-size@0.1.0
83 silly idealTree | `-- yargs@3.10.0
83 silly idealTree +-- uglify-to-browserify@1.0.2
83 silly idealTree +-- uniq@1.0.1
83 silly idealTree +-- uniqid@4.1.1
83 silly idealTree +-- uniqs@2.0.0
83 silly idealTree +-- unpipe@1.0.0
83 silly idealTree +-- urix@0.1.0
83 silly idealTree +-- url-parse@1.1.7
83 silly idealTree +-- url@0.11.0
83 silly idealTree | `-- punycode@1.3.2
83 silly idealTree +-- util-deprecate@1.0.2
83 silly idealTree +-- util@0.10.3
83 silly idealTree | `-- inherits@2.0.1
83 silly idealTree +-- utils-merge@1.0.0
83 silly idealTree +-- uuid@3.0.1
83 silly idealTree +-- validate-npm-package-license@3.0.1
83 silly idealTree +-- vary@1.1.0
83 silly idealTree +-- vendors@1.0.1
83 silly idealTree +-- verror@1.3.6
83 silly idealTree +-- vm-browserify@0.0.4
83 silly idealTree +-- vue-hot-reload-api@2.0.8
83 silly idealTree +-- vue-loader@10.1.2
83 silly idealTree +-- vue-style-loader@1.0.0
83 silly idealTree +-- vue-template-compiler@2.1.10
83 silly idealTree +-- vue-template-es2015-compiler@1.5.0
83 silly idealTree +-- vue@2.1.10
83 silly idealTree +-- watchpack@1.2.0
83 silly idealTree +-- wbuf@1.7.2
83 silly idealTree +-- webpack-dev-middleware@1.9.0
83 silly idealTree +-- webpack-dev-server@2.2.0
83 silly idealTree | +-- camelcase@3.0.0
83 silly idealTree | +-- supports-color@3.2.3
83 silly idealTree | +-- yargs-parser@4.2.1
83 silly idealTree | `-- yargs@6.6.0
83 silly idealTree +-- webpack-md5-hash@0.0.5
83 silly idealTree +-- webpack-notifier@1.5.0
83 silly idealTree +-- webpack-sources@0.1.4
83 silly idealTree +-- webpack-stats-plugin@0.1.4
83 silly idealTree +-- webpack@2.2.0
83 silly idealTree | +-- camelcase@3.0.0
83 silly idealTree | +-- supports-color@3.2.3
83 silly idealTree | +-- yargs-parser@4.2.1
83 silly idealTree | `-- yargs@6.6.0
83 silly idealTree +-- websocket-driver@0.6.5
83 silly idealTree +-- websocket-extensions@0.1.1
83 silly idealTree +-- whet.extend@0.9.9
83 silly idealTree +-- which-module@1.0.0
83 silly idealTree +-- which@1.2.12
83 silly idealTree +-- wide-align@1.1.0
83 silly idealTree +-- window-size@0.2.0
83 silly idealTree +-- wordwrap@0.0.2
83 silly idealTree +-- wrap-ansi@2.1.0
83 silly idealTree +-- wrappy@1.0.2
83 silly idealTree +-- xtend@4.0.1
83 silly idealTree +-- y18n@3.2.1
83 silly idealTree +-- yallist@2.0.0
83 silly idealTree +-- yargs-parser@2.4.1
83 silly idealTree | `-- camelcase@3.0.0
83 silly idealTree `-- yargs@4.8.1
84 silly generateActionsToTake Starting
85 silly install generateActionsToTake
86 silly generateActionsToTake Finishing
87 silly diffTrees action count 1
88 silly diffTrees update jquery@3.1.1
89 silly decomposeActions action count 8
90 silly decomposeActions fetch jquery@3.1.1
91 silly decomposeActions extract jquery@3.1.1
92 silly decomposeActions test jquery@3.1.1
93 silly decomposeActions preinstall jquery@3.1.1
94 silly decomposeActions build jquery@3.1.1
95 silly decomposeActions install jquery@3.1.1
96 silly decomposeActions postinstall jquery@3.1.1
97 silly decomposeActions finalize jquery@3.1.1
98 silly runTopLevelLifecycles Starting
99 silly executeActions Starting
100 silly install executeActions
101 silly doSerial global-install 0
102 silly doParallel fetch 1
103 verbose correctMkdir C:\Users\Teodor\AppData\Roaming\npm-cache\_locks correctMkdir not in flight; initializing
104 verbose lock using C:\Users\Teodor\AppData\Roaming\npm-cache\_locks\staging-3f132f0dc80d819c.lock for C:\Localhost\hackathon\music-hackathon\node_modules\.staging
105 silly doParallel extract 1
106 silly extract jquery@3.1.1
107 verbose unbuild node_modules\.staging\jquery-72ed0b49
108 silly gentlyRm C:\Localhost\hackathon\music-hackathon\node_modules\.staging\jquery-72ed0b49 is being purged from base C:\Localhost\hackathon\music-hackathon
109 verbose gentlyRm don't care about contents; nuking C:\Localhost\hackathon\music-hackathon\node_modules\.staging\jquery-72ed0b49
110 verbose tar unpack C:\Users\Teodor\AppData\Roaming\npm-cache\jquery\3.1.1\package.tgz
111 verbose tar unpacking to C:\Localhost\hackathon\music-hackathon\node_modules\.staging\jquery-72ed0b49
112 silly gentlyRm C:\Localhost\hackathon\music-hackathon\node_modules\.staging\jquery-72ed0b49 is being purged
113 verbose gentlyRm don't care about contents; nuking C:\Localhost\hackathon\music-hackathon\node_modules\.staging\jquery-72ed0b49
114 silly gunzTarPerm modes [ '777', '666' ]
115 silly gunzTarPerm extractEntry package.json
116 silly gunzTarPerm extractEntry README.md
117 silly gunzTarPerm extractEntry AUTHORS.txt
118 silly gunzTarPerm extractEntry LICENSE.txt
119 silly gunzTarPerm extractEntry bower.json
120 silly gunzTarPerm extractEntry dist/core.js
121 silly gunzTarPerm extractEntry dist/jquery.js
122 silly gunzTarPerm extractEntry dist/jquery.min.js
123 silly gunzTarPerm extractEntry dist/jquery.slim.js
124 silly gunzTarPerm extractEntry dist/jquery.slim.min.js
125 silly gunzTarPerm extractEntry dist/jquery.min.map
126 silly gunzTarPerm extractEntry dist/jquery.slim.min.map
127 silly gunzTarPerm extractEntry external/sizzle/LICENSE.txt
128 silly gunzTarPerm extractEntry external/sizzle/dist/sizzle.js
129 silly gunzTarPerm extractEntry external/sizzle/dist/sizzle.min.js
130 silly gunzTarPerm extractEntry external/sizzle/dist/sizzle.min.map
131 silly gunzTarPerm extractEntry src/wrap.js
132 silly gunzTarPerm extractEntry src/core.js
133 silly gunzTarPerm extractEntry src/selector.js
134 silly gunzTarPerm extractEntry src/css.js
135 silly gunzTarPerm extractEntry src/selector-sizzle.js
136 silly gunzTarPerm extractEntry src/serialize.js
137 silly gunzTarPerm extractEntry src/selector-native.js
138 silly gunzTarPerm extractEntry src/deferred.js
139 silly gunzTarPerm extractEntry src/deprecated.js
140 silly gunzTarPerm extractEntry src/dimensions.js
141 silly gunzTarPerm extractEntry src/queue.js
142 silly gunzTarPerm extractEntry src/callbacks.js
143 silly gunzTarPerm extractEntry src/offset.js
144 silly gunzTarPerm extractEntry src/attributes.js
145 silly gunzTarPerm extractEntry src/manipulation.js
146 silly gunzTarPerm extractEntry src/traversing.js
147 silly gunzTarPerm extractEntry src/event.js
148 silly gunzTarPerm extractEntry src/ajax.js
149 silly gunzTarPerm extractEntry src/jquery.js
150 silly gunzTarPerm extractEntry src/data.js
151 silly gunzTarPerm extractEntry src/effects.js
152 silly gunzTarPerm extractEntry src/data/Data.js
153 silly gunzTarPerm extractEntry src/data/var/acceptData.js
154 silly gunzTarPerm extractEntry src/data/var/dataPriv.js
155 silly gunzTarPerm extractEntry src/data/var/dataUser.js
156 silly gunzTarPerm extractEntry src/exports/amd.js
157 silly gunzTarPerm extractEntry src/exports/global.js
158 silly gunzTarPerm extractEntry src/event/ajax.js
159 silly gunzTarPerm extractEntry src/event/alias.js
160 silly gunzTarPerm extractEntry src/event/focusin.js
161 silly gunzTarPerm extractEntry src/event/support.js
162 silly gunzTarPerm extractEntry src/event/trigger.js
163 silly gunzTarPerm extractEntry src/ajax/jsonp.js
164 silly gunzTarPerm extractEntry src/ajax/load.js
165 silly gunzTarPerm extractEntry src/ajax/parseXML.js
166 silly gunzTarPerm extractEntry src/ajax/script.js
167 silly gunzTarPerm extractEntry src/ajax/xhr.js
168 silly gunzTarPerm extractEntry src/ajax/var/location.js
169 silly gunzTarPerm extractEntry src/ajax/var/nonce.js
170 silly gunzTarPerm extractEntry src/ajax/var/rquery.js
171 silly gunzTarPerm extractEntry src/queue/delay.js
172 silly gunzTarPerm extractEntry src/effects/Tween.js
173 silly gunzTarPerm extractEntry src/effects/animatedSelector.js
174 silly gunzTarPerm extractEntry src/deferred/exceptionHook.js
175 silly gunzTarPerm extractEntry src/manipulation/_evalUrl.js
176 silly gunzTarPerm extractEntry src/manipulation/buildFragment.js
177 silly gunzTarPerm extractEntry src/manipulation/getAll.js
178 silly gunzTarPerm extractEntry src/manipulation/setGlobalEval.js
179 silly gunzTarPerm extractEntry src/manipulation/support.js
180 silly gunzTarPerm extractEntry src/manipulation/wrapMap.js
181 silly gunzTarPerm extractEntry src/manipulation/var/rcheckableType.js
182 silly gunzTarPerm extractEntry src/manipulation/var/rscriptType.js
183 silly gunzTarPerm extractEntry src/manipulation/var/rtagName.js
184 silly gunzTarPerm extractEntry src/css/addGetHookIf.js
185 silly gunzTarPerm extractEntry src/css/adjustCSS.js
186 silly gunzTarPerm extractEntry src/css/curCSS.js
187 silly gunzTarPerm extractEntry src/css/hiddenVisibleSelectors.js
188 silly gunzTarPerm extractEntry src/css/showHide.js
189 silly gunzTarPerm extractEntry src/css/support.js
190 silly gunzTarPerm extractEntry src/css/var/cssExpand.js
191 silly gunzTarPerm extractEntry src/css/var/getStyles.js
192 silly gunzTarPerm extractEntry src/css/var/isHiddenWithinTree.js
193 silly gunzTarPerm extractEntry src/css/var/rmargin.js
194 silly gunzTarPerm extractEntry src/css/var/rnumnonpx.js
195 silly gunzTarPerm extractEntry src/css/var/swap.js
196 silly gunzTarPerm extractEntry src/core/DOMEval.js
197 silly gunzTarPerm extractEntry src/core/access.js
198 silly gunzTarPerm extractEntry src/core/init.js
199 silly gunzTarPerm extractEntry src/core/parseHTML.js
200 silly gunzTarPerm extractEntry src/core/ready-no-deferred.js
201 silly gunzTarPerm extractEntry src/core/ready.js
202 silly gunzTarPerm extractEntry src/core/readyException.js
203 silly gunzTarPerm extractEntry src/core/stripAndCollapse.js
204 silly gunzTarPerm extractEntry src/core/support.js
205 silly gunzTarPerm extractEntry src/core/var/rsingleTag.js
206 silly gunzTarPerm extractEntry src/traversing/findFilter.js
207 silly gunzTarPerm extractEntry src/traversing/var/dir.js
208 silly gunzTarPerm extractEntry src/traversing/var/rneedsContext.js
209 silly gunzTarPerm extractEntry src/traversing/var/siblings.js
210 silly gunzTarPerm extractEntry src/attributes/attr.js
211 silly gunzTarPerm extractEntry src/attributes/classes.js
212 silly gunzTarPerm extractEntry src/attributes/prop.js
213 silly gunzTarPerm extractEntry src/attributes/support.js
214 silly gunzTarPerm extractEntry src/attributes/val.js
215 silly gunzTarPerm extractEntry src/var/ObjectFunctionString.js
216 silly gunzTarPerm extractEntry src/var/documentElement.js
217 silly gunzTarPerm extractEntry src/var/fnToString.js
218 silly gunzTarPerm extractEntry src/var/getProto.js
219 silly gunzTarPerm extractEntry src/var/document.js
220 silly gunzTarPerm extractEntry src/var/indexOf.js
221 silly gunzTarPerm extractEntry src/var/pnum.js
222 silly gunzTarPerm extractEntry src/var/push.js
223 silly gunzTarPerm extractEntry src/var/rcssNum.js
224 silly gunzTarPerm extractEntry src/var/rnothtmlwhite.js
225 silly gunzTarPerm extractEntry src/var/concat.js
226 silly gunzTarPerm extractEntry src/var/slice.js
227 silly gunzTarPerm extractEntry src/var/class2type.js
228 silly gunzTarPerm extractEntry src/var/support.js
229 silly gunzTarPerm extractEntry src/var/arr.js
230 silly gunzTarPerm extractEntry src/var/toString.js
231 silly gunzTarPerm extractEntry src/var/hasOwn.js
232 silly gunzTarPerm extractEntry src/.eslintrc.json
233 silly gentlyRm C:\Localhost\hackathon\music-hackathon\node_modules\.staging\jquery-72ed0b49\node_modules is being purged
234 verbose gentlyRm don't care about contents; nuking C:\Localhost\hackathon\music-hackathon\node_modules\.staging\jquery-72ed0b49\node_modules
235 silly doParallel preinstall 1
236 silly preinstall jquery@3.1.1 C:\Localhost\hackathon\music-hackathon\node_modules\.staging\jquery-72ed0b49
237 info lifecycle jquery@3.1.1~preinstall: jquery@3.1.1
238 silly lifecycle jquery@3.1.1~preinstall: no script for preinstall, continuing
239 silly doReverseSerial remove 0
240 silly doSerial move 0
241 silly doSerial finalize 1
242 silly finalize C:\Localhost\hackathon\music-hackathon\node_modules\jquery
243 verbose unlock done using C:\Users\Teodor\AppData\Roaming\npm-cache\_locks\staging-3f132f0dc80d819c.lock for C:\Localhost\hackathon\music-hackathon\node_modules\.staging
244 silly rollbackFailedOptional Starting
245 silly rollbackFailedOptional Finishing
246 silly runTopLevelLifecycles Finishing
247 silly install printInstalled
248 warn optional SKIPPING OPTIONAL DEPENDENCY: fsevents@^1.0.0 (node_modules\chokidar\node_modules\fsevents):
249 warn notsup SKIPPING OPTIONAL DEPENDENCY: Unsupported platform for fsevents@1.0.17: wanted {"os":"darwin","arch":"any"} (current: {"os":"win32","arch":"x64"})
250 verbose notsup SKIPPING OPTIONAL DEPENDENCY: Valid OS:    darwin
250 verbose notsup SKIPPING OPTIONAL DEPENDENCY: Valid Arch:  any
250 verbose notsup SKIPPING OPTIONAL DEPENDENCY: Actual OS:   win32
250 verbose notsup SKIPPING OPTIONAL DEPENDENCY: Actual Arch: x64
251 verbose stack Error: EPERM: operation not permitted, rename 'C:\Localhost\hackathon\music-hackathon\node_modules\jquery' -> 'C:\Localhost\hackathon\music-hackathon\node_modules\.jquery.DELETE'
251 verbose stack     at moveAway (C:\Program Files\nodejs\node_modules\npm\lib\install\action\finalize.js:38:5)
251 verbose stack     at destStatted (C:\Program Files\nodejs\node_modules\npm\lib\install\action\finalize.js:27:7)
251 verbose stack     at FSReqWrap.oncomplete (fs.js:123:15)
251 verbose stack
251 verbose stack Error: EPERM: operation not permitted, rename 'C:\Localhost\hackathon\music-hackathon\node_modules\jquery' -> 'C:\Localhost\hackathon\music-hackathon\node_modules\.jquery.DELETE'
251 verbose stack     at Error (native)
252 verbose cwd C:\Localhost\hackathon\music-hackathon
253 error Windows_NT 10.0.14393
254 error argv "C:\\Program Files\\nodejs\\node.exe" "C:\\Program Files\\nodejs\\node_modules\\npm\\bin\\npm-cli.js" "install" "jquery"
255 error node v6.9.1
256 error npm  v3.10.8
257 error path C:\Localhost\hackathon\music-hackathon\node_modules\jquery
258 error code EPERM
259 error errno -4048
260 error syscall rename
261 error Error: EPERM: operation not permitted, rename 'C:\Localhost\hackathon\music-hackathon\node_modules\jquery' -> 'C:\Localhost\hackathon\music-hackathon\node_modules\.jquery.DELETE'
261 error     at moveAway (C:\Program Files\nodejs\node_modules\npm\lib\install\action\finalize.js:38:5)
261 error     at destStatted (C:\Program Files\nodejs\node_modules\npm\lib\install\action\finalize.js:27:7)
261 error     at FSReqWrap.oncomplete (fs.js:123:15)
261 error
261 error Error: EPERM: operation not permitted, rename 'C:\Localhost\hackathon\music-hackathon\node_modules\jquery' -> 'C:\Localhost\hackathon\music-hackathon\node_modules\.jquery.DELETE'
261 error     at Error (native)
261 error  Error: EPERM: operation not permitted, rename 'C:\Localhost\hackathon\music-hackathon\node_modules\jquery' -> 'C:\Localhost\hackathon\music-hackathon\node_modules\.jquery.DELETE'
261 error     at moveAway (C:\Program Files\nodejs\node_modules\npm\lib\install\action\finalize.js:38:5)
261 error     at destStatted (C:\Program Files\nodejs\node_modules\npm\lib\install\action\finalize.js:27:7)
261 error     at FSReqWrap.oncomplete (fs.js:123:15)
261 error
261 error Error: EPERM: operation not permitted, rename 'C:\Localhost\hackathon\music-hackathon\node_modules\jquery' -> 'C:\Localhost\hackathon\music-hackathon\node_modules\.jquery.DELETE'
261 error     at Error (native)
262 error Please try running this command again as root/Administrator.
263 verbose exit [ -4048, true ]
